[0.251s] DEBUG:colcon:Command line arguments: ['/usr/bin/colcon', 'build']
[0.251s] DEBUG:colcon:Parsed command line arguments: Namespace(log_base=None, log_level=None, verb_name='build', build_base='build', install_base='install', merge_install=False, symlink_install=False, test_result_base=None, continue_on_error=False, executor='parallel', parallel_workers=8, event_handlers=None, ignore_user_meta=False, metas=['./colcon.meta'], base_paths=['.'], packages_ignore=None, packages_ignore_regex=None, paths=None, packages_up_to=None, packages_up_to_regex=None, packages_above=None, packages_above_and_dependencies=None, packages_above_depth=None, packages_select_by_dep=None, packages_skip_by_dep=None, packages_skip_up_to=None, packages_select_build_failed=False, packages_skip_build_finished=False, packages_select_test_failures=False, packages_skip_test_passed=False, packages_select=None, packages_skip=None, packages_select_regex=None, packages_skip_regex=None, packages_start=None, packages_end=None, allow_overriding=[], cmake_args=None, cmake_target=None, cmake_target_skip_unavailable=False, cmake_clean_cache=False, cmake_clean_first=False, cmake_force_configure=False, ament_cmake_args=None, catkin_cmake_args=None, catkin_skip_building_tests=False, mixin_files=None, mixin=None, verb_parser=<colcon_mixin.mixin.mixin_argument.MixinArgumentDecorator object at 0x7caa17136ec0>, verb_extension=<colcon_core.verb.build.BuildVerb object at 0x7caa171368c0>, main=<bound method BuildVerb.main of <colcon_core.verb.build.BuildVerb object at 0x7caa171368c0>>, mixin_verb=('build',))
[0.680s] Level 1:colcon.colcon_core.package_discovery:discover_packages(colcon_meta) check parameters
[0.680s] Level 1:colcon.colcon_core.package_discovery:discover_packages(recursive) check parameters
[0.680s] Level 1:colcon.colcon_core.package_discovery:discover_packages(ignore) check parameters
[0.680s] Level 1:colcon.colcon_core.package_discovery:discover_packages(path) check parameters
[0.681s] Level 1:colcon.colcon_core.package_discovery:discover_packages(colcon_meta) discover
[0.681s] Level 1:colcon.colcon_core.package_discovery:discover_packages(recursive) discover
[0.681s] INFO:colcon.colcon_core.package_discovery:Crawling recursively for packages in '/home/shameer/Documents/SLAM/gtpose_publisher'
[0.681s] Level 1:colcon.colcon_core.package_identification:_identify(.) by extensions ['ignore', 'ignore_ament_install']
[0.682s] Level 1:colcon.colcon_core.package_identification:_identify(.) by extension 'ignore'
[0.682s] Level 1:colcon.colcon_core.package_identification:_identify(.) by extension 'ignore_ament_install'
[0.682s] Level 1:colcon.colcon_core.package_identification:_identify(.) by extensions ['colcon_pkg']
[0.682s] Level 1:colcon.colcon_core.package_identification:_identify(.) by extension 'colcon_pkg'
[0.683s] Level 1:colcon.colcon_core.package_identification:_identify(.) by extensions ['colcon_meta']
[0.683s] Level 1:colcon.colcon_core.package_identification:_identify(.) by extension 'colcon_meta'
[0.683s] Level 1:colcon.colcon_core.package_identification:_identify(.) by extensions ['ros']
[0.683s] Level 1:colcon.colcon_core.package_identification:_identify(.) by extension 'ros'
[0.702s] Level 1:colcon.colcon_core.package_identification:_identify(.) by extensions ['cmake', 'python']
[0.702s] Level 1:colcon.colcon_core.package_identification:_identify(.) by extension 'cmake'
[0.702s] Level 1:colcon.colcon_core.package_identification:_identify(.) by extension 'python'
[0.702s] Level 1:colcon.colcon_core.package_identification:_identify(.) by extensions ['python_setup_py']
[0.702s] Level 1:colcon.colcon_core.package_identification:_identify(.) by extension 'python_setup_py'
[0.702s] Level 1:colcon.colcon_core.package_identification:_identify(build) by extensions ['ignore', 'ignore_ament_install']
[0.702s] Level 1:colcon.colcon_core.package_identification:_identify(build) by extension 'ignore'
[0.702s] Level 1:colcon.colcon_core.package_identification:_identify(build) ignored
[0.703s] Level 1:colcon.colcon_core.package_identification:_identify(install) by extensions ['ignore', 'ignore_ament_install']
[0.703s] Level 1:colcon.colcon_core.package_identification:_identify(install) by extension 'ignore'
[0.703s] Level 1:colcon.colcon_core.package_identification:_identify(install) ignored
[0.703s] Level 1:colcon.colcon_core.package_identification:_identify(log) by extensions ['ignore', 'ignore_ament_install']
[0.704s] Level 1:colcon.colcon_core.package_identification:_identify(log) by extension 'ignore'
[0.704s] Level 1:colcon.colcon_core.package_identification:_identify(log) ignored
[0.704s] Level 1:colcon.colcon_core.package_identification:_identify(src) by extensions ['ignore', 'ignore_ament_install']
[0.705s] Level 1:colcon.colcon_core.package_identification:_identify(src) by extension 'ignore'
[0.705s] Level 1:colcon.colcon_core.package_identification:_identify(src) by extension 'ignore_ament_install'
[0.705s] Level 1:colcon.colcon_core.package_identification:_identify(src) by extensions ['colcon_pkg']
[0.705s] Level 1:colcon.colcon_core.package_identification:_identify(src) by extension 'colcon_pkg'
[0.706s] Level 1:colcon.colcon_core.package_identification:_identify(src) by extensions ['colcon_meta']
[0.706s] Level 1:colcon.colcon_core.package_identification:_identify(src) by extension 'colcon_meta'
[0.706s] Level 1:colcon.colcon_core.package_identification:_identify(src) by extensions ['ros']
[0.706s] Level 1:colcon.colcon_core.package_identification:_identify(src) by extension 'ros'
[0.706s] Level 1:colcon.colcon_core.package_identification:_identify(src) by extensions ['cmake', 'python']
[0.707s] Level 1:colcon.colcon_core.package_identification:_identify(src) by extension 'cmake'
[0.707s] Level 1:colcon.colcon_core.package_identification:_identify(src) by extension 'python'
[0.707s] Level 1:colcon.colcon_core.package_identification:_identify(src) by extensions ['python_setup_py']
[0.707s] Level 1:colcon.colcon_core.package_identification:_identify(src) by extension 'python_setup_py'
[0.707s] Level 1:colcon.colcon_core.package_identification:_identify(src/gtpath_publisher) by extensions ['ignore', 'ignore_ament_install']
[0.708s] Level 1:colcon.colcon_core.package_identification:_identify(src/gtpath_publisher) by extension 'ignore'
[0.708s] Level 1:colcon.colcon_core.package_identification:_identify(src/gtpath_publisher) by extension 'ignore_ament_install'
[0.708s] Level 1:colcon.colcon_core.package_identification:_identify(src/gtpath_publisher) by extensions ['colcon_pkg']
[0.708s] Level 1:colcon.colcon_core.package_identification:_identify(src/gtpath_publisher) by extension 'colcon_pkg'
[0.708s] Level 1:colcon.colcon_core.package_identification:_identify(src/gtpath_publisher) by extensions ['colcon_meta']
[0.709s] Level 1:colcon.colcon_core.package_identification:_identify(src/gtpath_publisher) by extension 'colcon_meta'
[0.709s] Level 1:colcon.colcon_core.package_identification:_identify(src/gtpath_publisher) by extensions ['ros']
[0.709s] Level 1:colcon.colcon_core.package_identification:_identify(src/gtpath_publisher) by extension 'ros'
[0.714s] DEBUG:colcon.colcon_core.package_identification:Package 'src/gtpath_publisher' with type 'ros.ament_python' and name 'gtpath_publisher'
[0.714s] Level 1:colcon.colcon_core.package_discovery:discover_packages(recursive) using defaults
[0.714s] Level 1:colcon.colcon_core.package_discovery:discover_packages(ignore) discover
[0.714s] Level 1:colcon.colcon_core.package_discovery:discover_packages(ignore) using defaults
[0.714s] Level 1:colcon.colcon_core.package_discovery:discover_packages(path) discover
[0.714s] Level 1:colcon.colcon_core.package_discovery:discover_packages(path) using defaults
[0.774s] Level 1:colcon.colcon_core.package_discovery:discover_packages(prefix_path) check parameters
[0.774s] Level 1:colcon.colcon_core.package_discovery:discover_packages(prefix_path) discover
[0.780s] DEBUG:colcon.colcon_installed_package_information.package_discovery:Found 425 installed packages in /opt/ros/humble
[0.786s] Level 1:colcon.colcon_core.package_discovery:discover_packages(prefix_path) using defaults
[0.907s] Level 5:colcon.colcon_core.verb:set package 'gtpath_publisher' build argument 'cmake_args' from command line to 'None'
[0.907s] Level 5:colcon.colcon_core.verb:set package 'gtpath_publisher' build argument 'cmake_target' from command line to 'None'
[0.907s] Level 5:colcon.colcon_core.verb:set package 'gtpath_publisher' build argument 'cmake_target_skip_unavailable' from command line to 'False'
[0.907s] Level 5:colcon.colcon_core.verb:set package 'gtpath_publisher' build argument 'cmake_clean_cache' from command line to 'False'
[0.907s] Level 5:colcon.colcon_core.verb:set package 'gtpath_publisher' build argument 'cmake_clean_first' from command line to 'False'
[0.908s] Level 5:colcon.colcon_core.verb:set package 'gtpath_publisher' build argument 'cmake_force_configure' from command line to 'False'
[0.908s] Level 5:colcon.colcon_core.verb:set package 'gtpath_publisher' build argument 'ament_cmake_args' from command line to 'None'
[0.908s] Level 5:colcon.colcon_core.verb:set package 'gtpath_publisher' build argument 'catkin_cmake_args' from command line to 'None'
[0.908s] Level 5:colcon.colcon_core.verb:set package 'gtpath_publisher' build argument 'catkin_skip_building_tests' from command line to 'False'
[0.908s] DEBUG:colcon.colcon_core.verb:Building package 'gtpath_publisher' with the following arguments: {'ament_cmake_args': None, 'build_base': '/home/shameer/Documents/SLAM/gtpose_publisher/build/gtpath_publisher', 'catkin_cmake_args': None, 'catkin_skip_building_tests': False, 'cmake_args': None, 'cmake_clean_cache': False, 'cmake_clean_first': False, 'cmake_force_configure': False, 'cmake_target': None, 'cmake_target_skip_unavailable': False, 'install_base': '/home/shameer/Documents/SLAM/gtpose_publisher/install/gtpath_publisher', 'merge_install': False, 'path': '/home/shameer/Documents/SLAM/gtpose_publisher/src/gtpath_publisher', 'symlink_install': False, 'test_result_base': None}
[0.908s] INFO:colcon.colcon_core.executor:Executing jobs using 'parallel' executor
[0.912s] DEBUG:colcon.colcon_parallel_executor.executor.parallel:run_until_complete
[0.913s] INFO:colcon.colcon_ros.task.ament_python.build:Building ROS package in '/home/shameer/Documents/SLAM/gtpose_publisher/src/gtpath_publisher' with build type 'ament_python'
[0.913s] Level 1:colcon.colcon_core.shell:create_environment_hook('gtpath_publisher', 'ament_prefix_path')
[0.919s] INFO:colcon.colcon_core.plugin_system:Skipping extension 'colcon_core.shell.bat': Not used on non-Windows systems
[0.919s] INFO:colcon.colcon_core.shell:Creating environment hook '/home/shameer/Documents/SLAM/gtpose_publisher/install/gtpath_publisher/share/gtpath_publisher/hook/ament_prefix_path.ps1'
[0.922s] INFO:colcon.colcon_core.shell:Creating environment descriptor '/home/shameer/Documents/SLAM/gtpose_publisher/install/gtpath_publisher/share/gtpath_publisher/hook/ament_prefix_path.dsv'
[0.924s] INFO:colcon.colcon_core.shell:Creating environment hook '/home/shameer/Documents/SLAM/gtpose_publisher/install/gtpath_publisher/share/gtpath_publisher/hook/ament_prefix_path.sh'
[0.926s] INFO:colcon.colcon_core.shell:Skip shell extension 'powershell' for command environment: Not usable outside of PowerShell
[0.926s] DEBUG:colcon.colcon_core.shell:Skip shell extension 'dsv' for command environment
[1.594s] INFO:colcon.colcon_core.task.python.build:Building Python package in '/home/shameer/Documents/SLAM/gtpose_publisher/src/gtpath_publisher'
[1.594s] INFO:colcon.colcon_core.shell:Skip shell extension 'powershell' for command environment: Not usable outside of PowerShell
[1.595s] DEBUG:colcon.colcon_core.shell:Skip shell extension 'dsv' for command environment
[2.535s] DEBUG:colcon.colcon_core.event_handler.log_command:Invoking command in '/home/shameer/Documents/SLAM/gtpose_publisher/src/gtpath_publisher': PYTHONPATH=/home/shameer/Documents/SLAM/gtpose_publisher/build/gtpath_publisher/prefix_override:/usr/lib/python3/dist-packages/colcon_core/task/python/colcon_distutils_commands:/home/shameer/Documents/SLAM/gtpose_publisher/install/gtpath_publisher/lib/python3.10/site-packages:${PYTHONPATH} /usr/bin/python3 -W ignore:setup.py install is deprecated -W ignore:easy_install command is deprecated setup.py egg_info --egg-base ../../build/gtpath_publisher build --build-base /home/shameer/Documents/SLAM/gtpose_publisher/build/gtpath_publisher/build install --record /home/shameer/Documents/SLAM/gtpose_publisher/build/gtpath_publisher/install.log --single-version-externally-managed install_data
[3.278s] DEBUG:colcon.colcon_core.event_handler.log_command:Invoked command in '/home/shameer/Documents/SLAM/gtpose_publisher/src/gtpath_publisher' returned '0': PYTHONPATH=/home/shameer/Documents/SLAM/gtpose_publisher/build/gtpath_publisher/prefix_override:/usr/lib/python3/dist-packages/colcon_core/task/python/colcon_distutils_commands:/home/shameer/Documents/SLAM/gtpose_publisher/install/gtpath_publisher/lib/python3.10/site-packages:${PYTHONPATH} /usr/bin/python3 -W ignore:setup.py install is deprecated -W ignore:easy_install command is deprecated setup.py egg_info --egg-base ../../build/gtpath_publisher build --build-base /home/shameer/Documents/SLAM/gtpose_publisher/build/gtpath_publisher/build install --record /home/shameer/Documents/SLAM/gtpose_publisher/build/gtpath_publisher/install.log --single-version-externally-managed install_data
[3.282s] Level 1:colcon.colcon_core.environment:checking '/home/shameer/Documents/SLAM/gtpose_publisher/install/gtpath_publisher' for CMake module files
[3.283s] Level 1:colcon.colcon_core.environment:checking '/home/shameer/Documents/SLAM/gtpose_publisher/install/gtpath_publisher' for CMake config files
[3.283s] Level 1:colcon.colcon_core.environment:checking '/home/shameer/Documents/SLAM/gtpose_publisher/install/gtpath_publisher/lib'
[3.284s] Level 1:colcon.colcon_core.environment:checking '/home/shameer/Documents/SLAM/gtpose_publisher/install/gtpath_publisher/bin'
[3.284s] Level 1:colcon.colcon_core.environment:checking '/home/shameer/Documents/SLAM/gtpose_publisher/install/gtpath_publisher/lib/pkgconfig/gtpath_publisher.pc'
[3.284s] Level 1:colcon.colcon_core.environment:checking '/home/shameer/Documents/SLAM/gtpose_publisher/install/gtpath_publisher/lib/python3.10/site-packages'
[3.284s] Level 1:colcon.colcon_core.shell:create_environment_hook('gtpath_publisher', 'pythonpath')
[3.284s] INFO:colcon.colcon_core.shell:Creating environment hook '/home/shameer/Documents/SLAM/gtpose_publisher/install/gtpath_publisher/share/gtpath_publisher/hook/pythonpath.ps1'
[3.285s] INFO:colcon.colcon_core.shell:Creating environment descriptor '/home/shameer/Documents/SLAM/gtpose_publisher/install/gtpath_publisher/share/gtpath_publisher/hook/pythonpath.dsv'
[3.286s] INFO:colcon.colcon_core.shell:Creating environment hook '/home/shameer/Documents/SLAM/gtpose_publisher/install/gtpath_publisher/share/gtpath_publisher/hook/pythonpath.sh'
[3.287s] Level 1:colcon.colcon_core.environment:checking '/home/shameer/Documents/SLAM/gtpose_publisher/install/gtpath_publisher/bin'
[3.287s] Level 1:colcon.colcon_core.environment:create_environment_scripts_only(gtpath_publisher)
[3.288s] INFO:colcon.colcon_core.shell:Creating package script '/home/shameer/Documents/SLAM/gtpose_publisher/install/gtpath_publisher/share/gtpath_publisher/package.ps1'
[3.289s] INFO:colcon.colcon_core.shell:Creating package descriptor '/home/shameer/Documents/SLAM/gtpose_publisher/install/gtpath_publisher/share/gtpath_publisher/package.dsv'
[3.290s] INFO:colcon.colcon_core.shell:Creating package script '/home/shameer/Documents/SLAM/gtpose_publisher/install/gtpath_publisher/share/gtpath_publisher/package.sh'
[3.291s] INFO:colcon.colcon_core.shell:Creating package script '/home/shameer/Documents/SLAM/gtpose_publisher/install/gtpath_publisher/share/gtpath_publisher/package.bash'
[3.292s] INFO:colcon.colcon_core.shell:Creating package script '/home/shameer/Documents/SLAM/gtpose_publisher/install/gtpath_publisher/share/gtpath_publisher/package.zsh'
[3.293s] Level 1:colcon.colcon_core.environment:create_file_with_runtime_dependencies(/home/shameer/Documents/SLAM/gtpose_publisher/install/gtpath_publisher/share/colcon-core/packages/gtpath_publisher)
[3.294s] DEBUG:colcon.colcon_parallel_executor.executor.parallel:closing loop
[3.294s] DEBUG:colcon.colcon_parallel_executor.executor.parallel:loop closed
[3.294s] DEBUG:colcon.colcon_parallel_executor.executor.parallel:run_until_complete finished with '0'
[3.294s] DEBUG:colcon.colcon_core.event_reactor:joining thread
[3.301s] INFO:colcon.colcon_core.plugin_system:Skipping extension 'colcon_notification.desktop_notification.terminal_notifier': Not used on non-Darwin systems
[3.301s] INFO:colcon.colcon_core.plugin_system:Skipping extension 'colcon_notification.desktop_notification.win32': Not used on non-Windows systems
[3.302s] INFO:colcon.colcon_notification.desktop_notification:Sending desktop notification using 'notify2'
[3.323s] DEBUG:colcon.colcon_core.event_reactor:joined thread
[3.324s] INFO:colcon.colcon_core.shell:Creating prefix script '/home/shameer/Documents/SLAM/gtpose_publisher/install/local_setup.ps1'
[3.325s] INFO:colcon.colcon_core.shell:Creating prefix util module '/home/shameer/Documents/SLAM/gtpose_publisher/install/_local_setup_util_ps1.py'
[3.332s] INFO:colcon.colcon_core.shell:Creating prefix chain script '/home/shameer/Documents/SLAM/gtpose_publisher/install/setup.ps1'
[3.336s] INFO:colcon.colcon_core.shell:Creating prefix script '/home/shameer/Documents/SLAM/gtpose_publisher/install/local_setup.sh'
[3.339s] INFO:colcon.colcon_core.shell:Creating prefix util module '/home/shameer/Documents/SLAM/gtpose_publisher/install/_local_setup_util_sh.py'
[3.342s] INFO:colcon.colcon_core.shell:Creating prefix chain script '/home/shameer/Documents/SLAM/gtpose_publisher/install/setup.sh'
[3.347s] INFO:colcon.colcon_core.shell:Creating prefix script '/home/shameer/Documents/SLAM/gtpose_publisher/install/local_setup.bash'
[3.349s] INFO:colcon.colcon_core.shell:Creating prefix chain script '/home/shameer/Documents/SLAM/gtpose_publisher/install/setup.bash'
[3.352s] INFO:colcon.colcon_core.shell:Creating prefix script '/home/shameer/Documents/SLAM/gtpose_publisher/install/local_setup.zsh'
[3.354s] INFO:colcon.colcon_core.shell:Creating prefix chain script '/home/shameer/Documents/SLAM/gtpose_publisher/install/setup.zsh'
