[1.095s] DEBUG:colcon:Command line arguments: ['/usr/bin/colcon', 'build']
[1.095s] DEBUG:colcon:Parsed command line arguments: Namespace(log_base=None, log_level=None, verb_name='build', build_base='build', install_base='install', merge_install=False, symlink_install=False, test_result_base=None, continue_on_error=False, executor='parallel', parallel_workers=8, event_handlers=None, ignore_user_meta=False, metas=['./colcon.meta'], base_paths=['.'], packages_ignore=None, packages_ignore_regex=None, paths=None, packages_up_to=None, packages_up_to_regex=None, packages_above=None, packages_above_and_dependencies=None, packages_above_depth=None, packages_select_by_dep=None, packages_skip_by_dep=None, packages_skip_up_to=None, packages_select_build_failed=False, packages_skip_build_finished=False, packages_select_test_failures=False, packages_skip_test_passed=False, packages_select=None, packages_skip=None, packages_select_regex=None, packages_skip_regex=None, packages_start=None, packages_end=None, allow_overriding=[], cmake_args=None, cmake_target=None, cmake_target_skip_unavailable=False, cmake_clean_cache=False, cmake_clean_first=False, cmake_force_configure=False, ament_cmake_args=None, catkin_cmake_args=None, catkin_skip_building_tests=False, mixin_files=None, mixin=None, verb_parser=<colcon_mixin.mixin.mixin_argument.MixinArgumentDecorator object at 0x7483fe046b30>, verb_extension=<colcon_core.verb.build.BuildVerb object at 0x7483fe046650>, main=<bound method BuildVerb.main of <colcon_core.verb.build.BuildVerb object at 0x7483fe046650>>, mixin_verb=('build',))
[3.097s] Level 1:colcon.colcon_core.package_discovery:discover_packages(colcon_meta) check parameters
[3.099s] Level 1:colcon.colcon_core.package_discovery:discover_packages(recursive) check parameters
[3.100s] Level 1:colcon.colcon_core.package_discovery:discover_packages(ignore) check parameters
[3.100s] Level 1:colcon.colcon_core.package_discovery:discover_packages(path) check parameters
[3.100s] Level 1:colcon.colcon_core.package_discovery:discover_packages(colcon_meta) discover
[3.100s] Level 1:colcon.colcon_core.package_discovery:discover_packages(recursive) discover
[3.101s] INFO:colcon.colcon_core.package_discovery:Crawling recursively for packages in '/home/shameer/sjtu_drone-ros2/sjtu_drone_control'
[3.103s] Level 1:colcon.colcon_core.package_identification:_identify(.) by extensions ['ignore', 'ignore_ament_install']
[3.106s] Level 1:colcon.colcon_core.package_identification:_identify(.) by extension 'ignore'
[3.108s] Level 1:colcon.colcon_core.package_identification:_identify(.) by extension 'ignore_ament_install'
[3.110s] Level 1:colcon.colcon_core.package_identification:_identify(.) by extensions ['colcon_pkg']
[3.111s] Level 1:colcon.colcon_core.package_identification:_identify(.) by extension 'colcon_pkg'
[3.112s] Level 1:colcon.colcon_core.package_identification:_identify(.) by extensions ['colcon_meta']
[3.112s] Level 1:colcon.colcon_core.package_identification:_identify(.) by extension 'colcon_meta'
[3.112s] Level 1:colcon.colcon_core.package_identification:_identify(.) by extensions ['ros']
[3.112s] Level 1:colcon.colcon_core.package_identification:_identify(.) by extension 'ros'
[3.245s] DEBUG:colcon.colcon_core.package_identification:Package '.' with type 'ros.ament_python' and name 'sjtu_drone_control'
[3.245s] Level 1:colcon.colcon_core.package_discovery:discover_packages(recursive) using defaults
[3.245s] Level 1:colcon.colcon_core.package_discovery:discover_packages(ignore) discover
[3.245s] Level 1:colcon.colcon_core.package_discovery:discover_packages(ignore) using defaults
[3.245s] Level 1:colcon.colcon_core.package_discovery:discover_packages(path) discover
[3.245s] Level 1:colcon.colcon_core.package_discovery:discover_packages(path) using defaults
[3.513s] Level 1:colcon.colcon_core.package_discovery:discover_packages(prefix_path) check parameters
[3.513s] Level 1:colcon.colcon_core.package_discovery:discover_packages(prefix_path) discover
[3.531s] DEBUG:colcon.colcon_installed_package_information.package_discovery:Found 3 installed packages in /home/shameer/sjtu_drone-ros2/install
[3.536s] DEBUG:colcon.colcon_installed_package_information.package_discovery:Found 1 installed packages in /home/shameer/drones_ROS2-main/install
[3.554s] DEBUG:colcon.colcon_installed_package_information.package_discovery:Found 316 installed packages in /opt/ros/humble
[3.564s] Level 1:colcon.colcon_core.package_discovery:discover_packages(prefix_path) using defaults
[3.897s] Level 5:colcon.colcon_core.verb:set package 'sjtu_drone_control' build argument 'cmake_args' from command line to 'None'
[3.898s] Level 5:colcon.colcon_core.verb:set package 'sjtu_drone_control' build argument 'cmake_target' from command line to 'None'
[3.899s] Level 5:colcon.colcon_core.verb:set package 'sjtu_drone_control' build argument 'cmake_target_skip_unavailable' from command line to 'False'
[3.900s] Level 5:colcon.colcon_core.verb:set package 'sjtu_drone_control' build argument 'cmake_clean_cache' from command line to 'False'
[3.901s] Level 5:colcon.colcon_core.verb:set package 'sjtu_drone_control' build argument 'cmake_clean_first' from command line to 'False'
[3.901s] Level 5:colcon.colcon_core.verb:set package 'sjtu_drone_control' build argument 'cmake_force_configure' from command line to 'False'
[3.901s] Level 5:colcon.colcon_core.verb:set package 'sjtu_drone_control' build argument 'ament_cmake_args' from command line to 'None'
[3.901s] Level 5:colcon.colcon_core.verb:set package 'sjtu_drone_control' build argument 'catkin_cmake_args' from command line to 'None'
[3.901s] Level 5:colcon.colcon_core.verb:set package 'sjtu_drone_control' build argument 'catkin_skip_building_tests' from command line to 'False'
[3.902s] DEBUG:colcon.colcon_core.verb:Building package 'sjtu_drone_control' with the following arguments: {'ament_cmake_args': None, 'build_base': '/home/shameer/sjtu_drone-ros2/sjtu_drone_control/build/sjtu_drone_control', 'catkin_cmake_args': None, 'catkin_skip_building_tests': False, 'cmake_args': None, 'cmake_clean_cache': False, 'cmake_clean_first': False, 'cmake_force_configure': False, 'cmake_target': None, 'cmake_target_skip_unavailable': False, 'install_base': '/home/shameer/sjtu_drone-ros2/sjtu_drone_control/install/sjtu_drone_control', 'merge_install': False, 'path': '/home/shameer/sjtu_drone-ros2/sjtu_drone_control', 'symlink_install': False, 'test_result_base': None}
[3.902s] INFO:colcon.colcon_core.executor:Executing jobs using 'parallel' executor
[3.908s] DEBUG:colcon.colcon_parallel_executor.executor.parallel:run_until_complete
[3.908s] INFO:colcon.colcon_ros.task.ament_python.build:Building ROS package in '/home/shameer/sjtu_drone-ros2/sjtu_drone_control' with build type 'ament_python'
[3.909s] Level 1:colcon.colcon_core.shell:create_environment_hook('sjtu_drone_control', 'ament_prefix_path')
[3.948s] INFO:colcon.colcon_core.plugin_system:Skipping extension 'colcon_core.shell.bat': Not used on non-Windows systems
[3.950s] INFO:colcon.colcon_core.shell:Creating environment hook '/home/shameer/sjtu_drone-ros2/sjtu_drone_control/install/sjtu_drone_control/share/sjtu_drone_control/hook/ament_prefix_path.ps1'
[3.956s] INFO:colcon.colcon_core.shell:Creating environment descriptor '/home/shameer/sjtu_drone-ros2/sjtu_drone_control/install/sjtu_drone_control/share/sjtu_drone_control/hook/ament_prefix_path.dsv'
[3.962s] INFO:colcon.colcon_core.shell:Creating environment hook '/home/shameer/sjtu_drone-ros2/sjtu_drone_control/install/sjtu_drone_control/share/sjtu_drone_control/hook/ament_prefix_path.sh'
[3.969s] INFO:colcon.colcon_core.shell:Skip shell extension 'powershell' for command environment: Not usable outside of PowerShell
[3.970s] DEBUG:colcon.colcon_core.shell:Skip shell extension 'dsv' for command environment
[6.753s] INFO:colcon.colcon_core.task.python.build:Building Python package in '/home/shameer/sjtu_drone-ros2/sjtu_drone_control'
[6.755s] INFO:colcon.colcon_core.shell:Skip shell extension 'powershell' for command environment: Not usable outside of PowerShell
[6.756s] DEBUG:colcon.colcon_core.shell:Skip shell extension 'dsv' for command environment
[10.309s] DEBUG:colcon.colcon_core.event_handler.log_command:Invoking command in '/home/shameer/sjtu_drone-ros2/sjtu_drone_control': PYTHONPATH=/home/shameer/sjtu_drone-ros2/sjtu_drone_control/build/sjtu_drone_control/prefix_override:/usr/lib/python3/dist-packages/colcon_core/task/python/colcon_distutils_commands:/home/shameer/sjtu_drone-ros2/sjtu_drone_control/install/sjtu_drone_control/lib/python3.10/site-packages:${PYTHONPATH} /usr/bin/python3 -W ignore:setup.py install is deprecated setup.py egg_info --egg-base build/sjtu_drone_control build --build-base /home/shameer/sjtu_drone-ros2/sjtu_drone_control/build/sjtu_drone_control/build install --record /home/shameer/sjtu_drone-ros2/sjtu_drone_control/build/sjtu_drone_control/install.log --single-version-externally-managed install_data
[13.355s] DEBUG:colcon.colcon_core.event_handler.log_command:Invoked command in '/home/shameer/sjtu_drone-ros2/sjtu_drone_control' returned '0': PYTHONPATH=/home/shameer/sjtu_drone-ros2/sjtu_drone_control/build/sjtu_drone_control/prefix_override:/usr/lib/python3/dist-packages/colcon_core/task/python/colcon_distutils_commands:/home/shameer/sjtu_drone-ros2/sjtu_drone_control/install/sjtu_drone_control/lib/python3.10/site-packages:${PYTHONPATH} /usr/bin/python3 -W ignore:setup.py install is deprecated setup.py egg_info --egg-base build/sjtu_drone_control build --build-base /home/shameer/sjtu_drone-ros2/sjtu_drone_control/build/sjtu_drone_control/build install --record /home/shameer/sjtu_drone-ros2/sjtu_drone_control/build/sjtu_drone_control/install.log --single-version-externally-managed install_data
[13.398s] Level 1:colcon.colcon_core.environment:checking '/home/shameer/sjtu_drone-ros2/sjtu_drone_control/install/sjtu_drone_control' for CMake module files
[13.400s] Level 1:colcon.colcon_core.environment:checking '/home/shameer/sjtu_drone-ros2/sjtu_drone_control/install/sjtu_drone_control' for CMake config files
[13.402s] Level 1:colcon.colcon_core.environment:checking '/home/shameer/sjtu_drone-ros2/sjtu_drone_control/install/sjtu_drone_control/lib'
[13.406s] Level 1:colcon.colcon_core.environment:checking '/home/shameer/sjtu_drone-ros2/sjtu_drone_control/install/sjtu_drone_control/bin'
[13.408s] Level 1:colcon.colcon_core.environment:checking '/home/shameer/sjtu_drone-ros2/sjtu_drone_control/install/sjtu_drone_control/lib/pkgconfig/sjtu_drone_control.pc'
[13.413s] Level 1:colcon.colcon_core.environment:checking '/home/shameer/sjtu_drone-ros2/sjtu_drone_control/install/sjtu_drone_control/lib/python3.10/site-packages'
[13.414s] Level 1:colcon.colcon_core.shell:create_environment_hook('sjtu_drone_control', 'pythonpath')
[13.418s] INFO:colcon.colcon_core.shell:Creating environment hook '/home/shameer/sjtu_drone-ros2/sjtu_drone_control/install/sjtu_drone_control/share/sjtu_drone_control/hook/pythonpath.ps1'
[13.427s] INFO:colcon.colcon_core.shell:Creating environment descriptor '/home/shameer/sjtu_drone-ros2/sjtu_drone_control/install/sjtu_drone_control/share/sjtu_drone_control/hook/pythonpath.dsv'
[13.430s] INFO:colcon.colcon_core.shell:Creating environment hook '/home/shameer/sjtu_drone-ros2/sjtu_drone_control/install/sjtu_drone_control/share/sjtu_drone_control/hook/pythonpath.sh'
[13.434s] Level 1:colcon.colcon_core.environment:checking '/home/shameer/sjtu_drone-ros2/sjtu_drone_control/install/sjtu_drone_control/bin'
[13.435s] Level 1:colcon.colcon_core.environment:create_environment_scripts_only(sjtu_drone_control)
[13.441s] INFO:colcon.colcon_core.shell:Creating package script '/home/shameer/sjtu_drone-ros2/sjtu_drone_control/install/sjtu_drone_control/share/sjtu_drone_control/package.ps1'
[13.445s] INFO:colcon.colcon_core.shell:Creating package descriptor '/home/shameer/sjtu_drone-ros2/sjtu_drone_control/install/sjtu_drone_control/share/sjtu_drone_control/package.dsv'
[13.452s] INFO:colcon.colcon_core.shell:Creating package script '/home/shameer/sjtu_drone-ros2/sjtu_drone_control/install/sjtu_drone_control/share/sjtu_drone_control/package.sh'
[13.462s] INFO:colcon.colcon_core.shell:Creating package script '/home/shameer/sjtu_drone-ros2/sjtu_drone_control/install/sjtu_drone_control/share/sjtu_drone_control/package.bash'
[13.465s] INFO:colcon.colcon_core.shell:Creating package script '/home/shameer/sjtu_drone-ros2/sjtu_drone_control/install/sjtu_drone_control/share/sjtu_drone_control/package.zsh'
[13.473s] Level 1:colcon.colcon_core.environment:create_file_with_runtime_dependencies(/home/shameer/sjtu_drone-ros2/sjtu_drone_control/install/sjtu_drone_control/share/colcon-core/packages/sjtu_drone_control)
[13.478s] DEBUG:colcon.colcon_parallel_executor.executor.parallel:closing loop
[13.482s] DEBUG:colcon.colcon_parallel_executor.executor.parallel:loop closed
[13.484s] DEBUG:colcon.colcon_parallel_executor.executor.parallel:run_until_complete finished with '0'
[13.486s] DEBUG:colcon.colcon_core.event_reactor:joining thread
[13.535s] INFO:colcon.colcon_core.plugin_system:Skipping extension 'colcon_notification.desktop_notification.terminal_notifier': Not used on non-Darwin systems
[13.535s] INFO:colcon.colcon_core.plugin_system:Skipping extension 'colcon_notification.desktop_notification.win32': Not used on non-Windows systems
[13.537s] INFO:colcon.colcon_notification.desktop_notification:Sending desktop notification using 'notify2'
[13.689s] DEBUG:colcon.colcon_core.event_reactor:joined thread
[13.691s] INFO:colcon.colcon_core.shell:Creating prefix script '/home/shameer/sjtu_drone-ros2/sjtu_drone_control/install/local_setup.ps1'
[13.702s] INFO:colcon.colcon_core.shell:Creating prefix util module '/home/shameer/sjtu_drone-ros2/sjtu_drone_control/install/_local_setup_util_ps1.py'
[13.714s] INFO:colcon.colcon_core.shell:Creating prefix chain script '/home/shameer/sjtu_drone-ros2/sjtu_drone_control/install/setup.ps1'
[13.728s] INFO:colcon.colcon_core.shell:Creating prefix script '/home/shameer/sjtu_drone-ros2/sjtu_drone_control/install/local_setup.sh'
[13.734s] INFO:colcon.colcon_core.shell:Creating prefix util module '/home/shameer/sjtu_drone-ros2/sjtu_drone_control/install/_local_setup_util_sh.py'
[13.738s] INFO:colcon.colcon_core.shell:Creating prefix chain script '/home/shameer/sjtu_drone-ros2/sjtu_drone_control/install/setup.sh'
[13.745s] INFO:colcon.colcon_core.shell:Creating prefix script '/home/shameer/sjtu_drone-ros2/sjtu_drone_control/install/local_setup.bash'
[13.749s] INFO:colcon.colcon_core.shell:Creating prefix chain script '/home/shameer/sjtu_drone-ros2/sjtu_drone_control/install/setup.bash'
[13.753s] INFO:colcon.colcon_core.shell:Creating prefix script '/home/shameer/sjtu_drone-ros2/sjtu_drone_control/install/local_setup.zsh'
[13.759s] INFO:colcon.colcon_core.shell:Creating prefix chain script '/home/shameer/sjtu_drone-ros2/sjtu_drone_control/install/setup.zsh'
