[0.007s] Invoking command in '/home/root1/Documents/January_Work/Multi-UAV-System-for-Forest-SAR/FASTLIOROS2/build/fast_lio': CMAKE_PREFIX_PATH=${CMAKE_PREFIX_PATH}:/opt/ros/humble /usr/bin/cmake /home/root1/Documents/January_Work/Multi-UAV-System-for-Forest-SAR/FASTLIOROS2 -DCMAKE_INSTALL_PREFIX=/home/root1/Documents/January_Work/Multi-UAV-System-for-Forest-SAR/FASTLIOROS2/install/fast_lio
[0.047s] -- The C compiler identification is GNU 11.4.0
[0.084s] -- The CXX compiler identification is GNU 11.4.0
[0.089s] -- Detecting C compiler ABI info
[0.135s] -- Detecting C compiler ABI info - done
[0.139s] -- Check for working C compiler: /usr/bin/cc - skipped
[0.139s] -- Detecting C compile features
[0.140s] -- Detecting C compile features - done
[0.141s] -- Detecting CXX compiler ABI info
[0.194s] -- Detecting CXX compiler ABI info - done
[0.199s] -- Check for working CXX compiler: /usr/bin/c++ - skipped
[0.200s] -- Detecting CXX compile features
[0.200s] -- Detecting CXX compile features - done
[0.200s] [0mCurrent CPU archtecture: x86_64[0m
[0.204s] [0mProcesser number:  20[0m
[0.204s] [0mcore for MP: 3[0m
[0.435s] -- Found PythonLibs: /usr/lib/x86_64-linux-gnu/libpython3.10.so (found version "3.10.12") 
[0.437s] -- Found ament_cmake: 1.3.11 (/opt/ros/humble/share/ament_cmake/cmake)
[0.527s] -- Found Python3: /usr/bin/python3 (found version "3.10.12") found components: Interpreter 
[0.583s] -- Found rclcpp: 16.0.11 (/opt/ros/humble/share/rclcpp/cmake)
[0.603s] -- Found rosidl_generator_c: 3.1.6 (/opt/ros/humble/share/rosidl_generator_c/cmake)
[0.605s] -- Found rosidl_adapter: 3.1.6 (/opt/ros/humble/share/rosidl_adapter/cmake)
[0.610s] -- Found rosidl_generator_cpp: 3.1.6 (/opt/ros/humble/share/rosidl_generator_cpp/cmake)
[0.616s] -- Using all available rosidl_typesupport_c: rosidl_typesupport_fastrtps_c;rosidl_typesupport_introspection_c
[0.625s] -- Using all available rosidl_typesupport_cpp: rosidl_typesupport_fastrtps_cpp;rosidl_typesupport_introspection_cpp
[0.651s] -- Found rmw_implementation_cmake: 6.1.2 (/opt/ros/humble/share/rmw_implementation_cmake/cmake)
[0.652s] -- Found rmw_cyclonedds_cpp: 1.3.4 (/opt/ros/humble/share/rmw_cyclonedds_cpp/cmake)
[0.665s] -- Using RMW implementation 'rmw_cyclonedds_cpp' as default
[0.669s] -- Looking for pthread.h
[0.719s] -- Looking for pthread.h - found
[0.719s] -- Performing Test CMAKE_HAVE_LIBC_PTHREAD
[0.770s] -- Performing Test CMAKE_HAVE_LIBC_PTHREAD - Success
[0.771s] -- Found Threads: TRUE  
[0.803s] -- Found rclcpp_components: 16.0.11 (/opt/ros/humble/share/rclcpp_components/cmake)
[0.819s] -- Found geometry_msgs: 4.2.4 (/opt/ros/humble/share/geometry_msgs/cmake)
[0.826s] -- Found nav_msgs: 4.2.4 (/opt/ros/humble/share/nav_msgs/cmake)
[0.835s] -- Found sensor_msgs: 4.2.4 (/opt/ros/humble/share/sensor_msgs/cmake)
[0.846s] -- Found std_srvs: 4.2.4 (/opt/ros/humble/share/std_srvs/cmake)
[0.858s] -- Found visualization_msgs: 4.2.4 (/opt/ros/humble/share/visualization_msgs/cmake)
[0.877s] -- Found pcl_ros: 2.4.5 (/opt/ros/humble/share/pcl_ros/cmake)
[0.909s] -- Checking for module 'eigen3'
[0.918s] --   Found eigen3, version 3.4.0
[0.939s] -- Found Eigen: /usr/include/eigen3 (Required is at least version "3.1") 
[0.939s] -- Eigen found (include: /usr/include/eigen3, version: 3.4.0)
[0.961s] -- Checking for module 'flann'
[0.970s] --   Found flann, version 1.9.1
[0.998s] -- Found FLANN: /usr/lib/x86_64-linux-gnu/libflann_cpp.so  
[0.998s] -- FLANN found (include: /usr/include, lib: /usr/lib/x86_64-linux-gnu/libflann_cpp.so)
[1.662s] -- Checking for module 'libusb-1.0'
[1.672s] --   Found libusb-1.0, version 1.0.25
[1.697s] -- Found libusb: /usr/lib/x86_64-linux-gnu/libusb-1.0.so  
[1.698s] -- OpenNI found (version: 1.5.4.0, include: /usr/include/ni, lib: /usr/lib/libOpenNI.so;libusb::libusb)
[1.736s] -- OpenNI2 found (version: 2.2.0.33, include: /usr/include/openni2, lib: /usr/lib/x86_64-linux-gnu/libOpenNI2.so;libusb::libusb)
[1.830s] -- Eigen found (include: /usr/include/eigen3, version: 3.4.0)
[1.836s] -- OpenNI found (version: 1.5.4.0, include: /usr/include/ni, lib: /usr/lib/libOpenNI.so;libusb::libusb)
[1.841s] -- OpenNI2 found (version: 2.2.0.33, include: /usr/include/openni2, lib: /usr/lib/x86_64-linux-gnu/libOpenNI2.so;libusb::libusb)
[1.929s] -- Found Qhull version 8.0.2
[2.022s] -- OpenNI found (version: 1.5.4.0, include: /usr/include/ni, lib: /usr/lib/libOpenNI.so;libusb::libusb)
[2.112s] -- Found PCL_COMMON: /usr/lib/x86_64-linux-gnu/libpcl_common.so  
[2.113s] -- Found PCL_KDTREE: /usr/lib/x86_64-linux-gnu/libpcl_kdtree.so  
[2.113s] -- Found PCL_OCTREE: /usr/lib/x86_64-linux-gnu/libpcl_octree.so  
[2.114s] -- Found PCL_SEARCH: /usr/lib/x86_64-linux-gnu/libpcl_search.so  
[2.114s] -- Found PCL_SAMPLE_CONSENSUS: /usr/lib/x86_64-linux-gnu/libpcl_sample_consensus.so  
[2.115s] -- Found PCL_FILTERS: /usr/lib/x86_64-linux-gnu/libpcl_filters.so  
[2.115s] -- Found PCL_2D: /usr/include/pcl-1.12  
[2.115s] -- Found PCL_GEOMETRY: /usr/include/pcl-1.12  
[2.116s] -- Found PCL_IO: /usr/lib/x86_64-linux-gnu/libpcl_io.so  
[2.116s] -- Found PCL_FEATURES: /usr/lib/x86_64-linux-gnu/libpcl_features.so  
[2.117s] -- Found PCL_ML: /usr/lib/x86_64-linux-gnu/libpcl_ml.so  
[2.117s] -- Found PCL_SEGMENTATION: /usr/lib/x86_64-linux-gnu/libpcl_segmentation.so  
[2.118s] -- Found PCL_VISUALIZATION: /usr/lib/x86_64-linux-gnu/libpcl_visualization.so  
[2.118s] -- Found PCL_SURFACE: /usr/lib/x86_64-linux-gnu/libpcl_surface.so  
[2.119s] -- Found PCL_REGISTRATION: /usr/lib/x86_64-linux-gnu/libpcl_registration.so  
[2.119s] -- Found PCL_KEYPOINTS: /usr/lib/x86_64-linux-gnu/libpcl_keypoints.so  
[2.120s] -- Found PCL_TRACKING: /usr/lib/x86_64-linux-gnu/libpcl_tracking.so  
[2.120s] -- Found PCL_RECOGNITION: /usr/lib/x86_64-linux-gnu/libpcl_recognition.so  
[2.121s] -- Found PCL_STEREO: /usr/lib/x86_64-linux-gnu/libpcl_stereo.so  
[2.122s] -- Found PCL_APPS: /usr/lib/x86_64-linux-gnu/libpcl_apps.so  
[2.122s] -- Found PCL_IN_HAND_SCANNER: /usr/include/pcl-1.12  
[2.122s] -- Found PCL_MODELER: /usr/include/pcl-1.12  
[2.124s] -- Found PCL_POINT_CLOUD_EDITOR: /usr/include/pcl-1.12  
[2.125s] -- Found PCL_OUTOFCORE: /usr/lib/x86_64-linux-gnu/libpcl_outofcore.so  
[2.125s] -- Found PCL_PEOPLE: /usr/lib/x86_64-linux-gnu/libpcl_people.so  
[2.140s] -- Found eigen3_cmake_module: 0.1.1 (/opt/ros/humble/share/eigen3_cmake_module/cmake)
[2.140s] -- Found Eigen3: TRUE (found version "3.4.0") 
[2.140s] -- Ensuring Eigen3 include directory is part of orocos-kdl CMake target
[2.180s] -- Found rosidl_default_generators: 1.2.0 (/opt/ros/humble/share/rosidl_default_generators/cmake)
[2.194s] -- PCL: /usr/include/pcl-1.12
[2.194s] [0mEigen:/usr/include/eigen3[0m
[2.364s] -- Found ament_cmake_ros: 0.10.0 (/opt/ros/humble/share/ament_cmake_ros/cmake)
[2.560s] -- Using all available rosidl_typesupport_c: rosidl_typesupport_fastrtps_c;rosidl_typesupport_introspection_c
[2.638s] -- Using all available rosidl_typesupport_cpp: rosidl_typesupport_fastrtps_cpp;rosidl_typesupport_introspection_cpp
[2.656s] -- Found PythonInterp: /usr/bin/python3 (found suitable version "3.10.12", minimum required is "3.6") 
[2.657s] -- Found python_cmake_module: 0.10.0 (/opt/ros/humble/share/python_cmake_module/cmake)
[2.673s] -- Found PythonLibs: /usr/lib/x86_64-linux-gnu/libpython3.10.so (found suitable version "3.10.12", minimum required is "3.5") 
[2.673s] -- Using PYTHON_EXECUTABLE: /usr/bin/python3
[2.673s] -- Using PYTHON_INCLUDE_DIRS: /usr/include/python3.10
[2.673s] -- Using PYTHON_LIBRARIES: /usr/lib/x86_64-linux-gnu/libpython3.10.so
[2.688s] -- Found PythonExtra: .so  
[2.720s] -- Configuring done
[2.775s] -- Generating done
[2.786s] -- Build files have been written to: /home/root1/Documents/January_Work/Multi-UAV-System-for-Forest-SAR/FASTLIOROS2/build/fast_lio
[2.800s] Invoked command in '/home/root1/Documents/January_Work/Multi-UAV-System-for-Forest-SAR/FASTLIOROS2/build/fast_lio' returned '0': CMAKE_PREFIX_PATH=${CMAKE_PREFIX_PATH}:/opt/ros/humble /usr/bin/cmake /home/root1/Documents/January_Work/Multi-UAV-System-for-Forest-SAR/FASTLIOROS2 -DCMAKE_INSTALL_PREFIX=/home/root1/Documents/January_Work/Multi-UAV-System-for-Forest-SAR/FASTLIOROS2/install/fast_lio
[2.801s] Invoking command in '/home/root1/Documents/January_Work/Multi-UAV-System-for-Forest-SAR/FASTLIOROS2/build/fast_lio': CMAKE_PREFIX_PATH=${CMAKE_PREFIX_PATH}:/opt/ros/humble /usr/bin/cmake --build /home/root1/Documents/January_Work/Multi-UAV-System-for-Forest-SAR/FASTLIOROS2/build/fast_lio -- -j20 -l20
[2.835s] [  2%] [34m[1mGenerating C code for ROS interfaces[0m
[2.841s] [  5%] [34m[1mGenerating C++ code for ROS interfaces[0m
[2.845s] [  5%] Built target ament_cmake_python_copy_fast_lio
[2.978s] running egg_info
[2.979s] creating fast_lio.egg-info
[2.979s] writing fast_lio.egg-info/PKG-INFO
[2.979s] writing dependency_links to fast_lio.egg-info/dependency_links.txt
[2.979s] writing top-level names to fast_lio.egg-info/top_level.txt
[2.979s] writing manifest file 'fast_lio.egg-info/SOURCES.txt'
[2.980s] reading manifest file 'fast_lio.egg-info/SOURCES.txt'
[2.980s] writing manifest file 'fast_lio.egg-info/SOURCES.txt'
[3.000s] [  5%] Built target ament_cmake_python_build_fast_lio_egg
[3.025s] [  5%] Built target fast_lio__cpp
[3.032s] [ 14%] [34m[1mGenerating C++ type support for eProsima Fast-RTPS[0m
[3.033s] [ 14%] [34m[1mGenerating C++ introspection for ROS interfaces[0m
[3.033s] [ 14%] [34m[1mGenerating C++ type support dispatch for ROS interfaces[0m
[3.033s] [ 17%] [32mBuilding C object CMakeFiles/fast_lio__rosidl_generator_c.dir/rosidl_generator_c/fast_lio/msg/detail/pose6_d__functions.c.o[0m
[3.115s] [ 20%] [32m[1mLinking C shared library libfast_lio__rosidl_generator_c.so[0m
[3.141s] [ 20%] Built target fast_lio__rosidl_generator_c
[3.148s] [ 25%] [34m[1mGenerating C introspection for ROS interfaces[0m
[3.148s] [ 25%] [34m[1mGenerating C type support dispatch for ROS interfaces[0m
[3.150s] [ 28%] [34m[1mGenerating C type support for eProsima Fast-RTPS[0m
[3.210s] [ 31%] [32mBuilding CXX object CMakeFiles/fast_lio__rosidl_typesupport_cpp.dir/rosidl_typesupport_cpp/fast_lio/msg/pose6_d__type_support.cpp.o[0m
[3.220s] [ 34%] [32mBuilding CXX object CMakeFiles/fast_lio__rosidl_typesupport_fastrtps_cpp.dir/rosidl_typesupport_fastrtps_cpp/fast_lio/msg/detail/dds_fastrtps/pose6_d__type_support.cpp.o[0m
[3.221s] [ 37%] [32mBuilding CXX object CMakeFiles/fast_lio__rosidl_typesupport_introspection_cpp.dir/rosidl_typesupport_introspection_cpp/fast_lio/msg/detail/pose6_d__type_support.cpp.o[0m
[3.329s] [ 40%] [32mBuilding CXX object CMakeFiles/fast_lio__rosidl_typesupport_c.dir/rosidl_typesupport_c/fast_lio/msg/pose6_d__type_support.cpp.o[0m
[3.343s] [ 42%] [32mBuilding C object CMakeFiles/fast_lio__rosidl_typesupport_introspection_c.dir/rosidl_typesupport_introspection_c/fast_lio/msg/detail/pose6_d__type_support.c.o[0m
[3.350s] [ 45%] [32mBuilding CXX object CMakeFiles/fast_lio__rosidl_typesupport_fastrtps_c.dir/rosidl_typesupport_fastrtps_c/fast_lio/msg/detail/pose6_d__type_support_c.cpp.o[0m
[3.354s] [ 48%] [32m[1mLinking CXX shared library libfast_lio__rosidl_typesupport_c.so[0m
[3.385s] [ 51%] [32m[1mLinking C shared library libfast_lio__rosidl_typesupport_introspection_c.so[0m
[3.386s] [ 51%] Built target fast_lio__rosidl_typesupport_c
[3.391s] [ 54%] [32m[1mLinking CXX shared library libfast_lio__rosidl_typesupport_cpp.so[0m
[3.412s] [ 54%] Built target fast_lio__rosidl_typesupport_introspection_c
[3.423s] [ 54%] Built target fast_lio__rosidl_typesupport_cpp
[3.440s] [ 62%] [32mBuilding CXX object CMakeFiles/fastlio_mapping.dir/src/preprocess.cpp.o[0m
[3.440s] [ 62%] [32mBuilding CXX object CMakeFiles/fastlio_mapping.dir/src/laserMapping.cpp.o[0m
[3.440s] [ 62%] [32mBuilding CXX object CMakeFiles/fastlio_mapping.dir/include/ikd-Tree/ikd_Tree.cpp.o[0m
[3.481s] [ 65%] [32m[1mLinking CXX shared library libfast_lio__rosidl_typesupport_fastrtps_cpp.so[0m
[3.482s] [ 68%] [32m[1mLinking CXX shared library libfast_lio__rosidl_typesupport_introspection_cpp.so[0m
[3.516s] [ 68%] Built target fast_lio__rosidl_typesupport_introspection_cpp
[3.535s] [ 68%] Built target fast_lio__rosidl_typesupport_fastrtps_cpp
[3.562s] [ 71%] [32m[1mLinking CXX shared library libfast_lio__rosidl_typesupport_fastrtps_c.so[0m
[3.613s] [ 71%] Built target fast_lio__rosidl_typesupport_fastrtps_c
[3.629s] [ 71%] Built target fast_lio
[3.646s] [ 74%] [34m[1mGenerating Python code for ROS interfaces[0m
[3.892s] [ 74%] Built target fast_lio__py
[3.907s] [ 77%] [32mBuilding C object CMakeFiles/fast_lio__rosidl_generator_py.dir/rosidl_generator_py/fast_lio/msg/_pose6_d_s.c.o[0m
[3.997s] [ 80%] [32m[1mLinking C shared library rosidl_generator_py/fast_lio/libfast_lio__rosidl_generator_py.so[0m
[4.029s] [ 80%] Built target fast_lio__rosidl_generator_py
[4.045s] [ 82%] [32mBuilding C object CMakeFiles/fast_lio__rosidl_typesupport_c__pyext.dir/rosidl_generator_py/fast_lio/_fast_lio_s.ep.rosidl_typesupport_c.c.o[0m
[4.045s] [ 85%] [32mBuilding C object CMakeFiles/fast_lio__rosidl_typesupport_introspection_c__pyext.dir/rosidl_generator_py/fast_lio/_fast_lio_s.ep.rosidl_typesupport_introspection_c.c.o[0m
[4.046s] [ 88%] [32mBuilding C object CMakeFiles/fast_lio__rosidl_typesupport_fastrtps_c__pyext.dir/rosidl_generator_py/fast_lio/_fast_lio_s.ep.rosidl_typesupport_fastrtps_c.c.o[0m
[4.111s] [ 91%] [32m[1mLinking C shared library rosidl_generator_py/fast_lio/fast_lio_s__rosidl_typesupport_introspection_c.cpython-310-x86_64-linux-gnu.so[0m
[4.111s] [ 94%] [32m[1mLinking C shared library rosidl_generator_py/fast_lio/fast_lio_s__rosidl_typesupport_fastrtps_c.cpython-310-x86_64-linux-gnu.so[0m
[4.113s] [ 97%] [32m[1mLinking C shared library rosidl_generator_py/fast_lio/fast_lio_s__rosidl_typesupport_c.cpython-310-x86_64-linux-gnu.so[0m
[4.136s] [ 97%] Built target fast_lio__rosidl_typesupport_introspection_c__pyext
[4.136s] [ 97%] Built target fast_lio__rosidl_typesupport_c__pyext
[4.142s] [ 97%] Built target fast_lio__rosidl_typesupport_fastrtps_c__pyext
[7.284s] In file included from [01m[K/usr/include/boost/smart_ptr/detail/sp_thread_sleep.hpp:22[m[K,
[7.284s]                  from [01m[K/usr/include/boost/smart_ptr/detail/yield_k.hpp:23[m[K,
[7.284s]                  from [01m[K/usr/include/boost/smart_ptr/detail/spinlock_gcc_atomic.hpp:14[m[K,
[7.284s]                  from [01m[K/usr/include/boost/smart_ptr/detail/spinlock.hpp:42[m[K,
[7.284s]                  from [01m[K/usr/include/boost/smart_ptr/detail/spinlock_pool.hpp:25[m[K,
[7.284s]                  from [01m[K/usr/include/boost/smart_ptr/shared_ptr.hpp:29[m[K,
[7.284s]                  from [01m[K/usr/include/boost/shared_ptr.hpp:17[m[K,
[7.284s]                  from [01m[K/usr/include/boost/date_time/microsec_time_clock.hpp:18[m[K,
[7.284s]                  from [01m[K/usr/include/boost/interprocess/detail/posix_time_types_wrk.hpp:31[m[K,
[7.284s]                  from [01m[K/usr/include/boost/interprocess/detail/os_thread_functions.hpp:36[m[K,
[7.284s]                  from [01m[K/usr/include/boost/interprocess/sync/file_lock.hpp:26[m[K,
[7.284s]                  from [01m[K/usr/include/pcl-1.12/pcl/io/pcd_io.h:46[m[K,
[7.284s]                  from [01m[K/opt/ros/humble/include/pcl_conversions/pcl_conversions/pcl_conversions.h:73[m[K,
[7.284s]                  from [01m[K/home/root1/Documents/January_Work/Multi-UAV-System-for-Forest-SAR/FASTLIOROS2/src/IMU_Processing.hpp:18[m[K,
[7.284s]                  from [01m[K/home/root1/Documents/January_Work/Multi-UAV-System-for-Forest-SAR/FASTLIOROS2/src/laserMapping.cpp:47[m[K:
[7.284s] [01m[K/usr/include/boost/bind.hpp:36:1:[m[K [01;36m[Knote: [m[K‘[01m[K#pragma message: The practice of declaring the Bind placeholders (_1, _2, ...) in the global namespace is deprecated. Please use <boost/bind/bind.hpp> + using namespace boost::placeholders, or define BOOST_BIND_GLOBAL_PLACEHOLDERS to retain the current behavior.[m[K’
[7.284s]    36 | [01;36m[KBOOST_PRAGMA_MESSAGE[m[K(
[7.284s]       | [01;36m[K^~~~~~~~~~~~~~~~~~~~[m[K
[44.354s] [100%] [32m[1mLinking CXX executable fastlio_mapping[0m
[45.101s] [100%] Built target fastlio_mapping
[45.109s] Invoked command in '/home/root1/Documents/January_Work/Multi-UAV-System-for-Forest-SAR/FASTLIOROS2/build/fast_lio' returned '0': CMAKE_PREFIX_PATH=${CMAKE_PREFIX_PATH}:/opt/ros/humble /usr/bin/cmake --build /home/root1/Documents/January_Work/Multi-UAV-System-for-Forest-SAR/FASTLIOROS2/build/fast_lio -- -j20 -l20
[45.114s] Invoking command in '/home/root1/Documents/January_Work/Multi-UAV-System-for-Forest-SAR/FASTLIOROS2/build/fast_lio': CMAKE_PREFIX_PATH=${CMAKE_PREFIX_PATH}:/opt/ros/humble /usr/bin/cmake --install /home/root1/Documents/January_Work/Multi-UAV-System-for-Forest-SAR/FASTLIOROS2/build/fast_lio
[45.121s] -- Install configuration: "Release"
[45.121s] -- Installing: /home/root1/Documents/January_Work/Multi-UAV-System-for-Forest-SAR/FASTLIOROS2/install/fast_lio/share/ament_index/resource_index/rosidl_interfaces/fast_lio
[45.121s] -- Installing: /home/root1/Documents/January_Work/Multi-UAV-System-for-Forest-SAR/FASTLIOROS2/install/fast_lio/include/fast_lio/fast_lio
[45.121s] -- Installing: /home/root1/Documents/January_Work/Multi-UAV-System-for-Forest-SAR/FASTLIOROS2/install/fast_lio/include/fast_lio/fast_lio/msg
[45.121s] -- Installing: /home/root1/Documents/January_Work/Multi-UAV-System-for-Forest-SAR/FASTLIOROS2/install/fast_lio/include/fast_lio/fast_lio/msg/detail
[45.121s] -- Installing: /home/root1/Documents/January_Work/Multi-UAV-System-for-Forest-SAR/FASTLIOROS2/install/fast_lio/include/fast_lio/fast_lio/msg/detail/pose6_d__struct.h
[45.121s] -- Installing: /home/root1/Documents/January_Work/Multi-UAV-System-for-Forest-SAR/FASTLIOROS2/install/fast_lio/include/fast_lio/fast_lio/msg/detail/pose6_d__functions.h
[45.121s] -- Installing: /home/root1/Documents/January_Work/Multi-UAV-System-for-Forest-SAR/FASTLIOROS2/install/fast_lio/include/fast_lio/fast_lio/msg/detail/pose6_d__type_support.h
[45.121s] -- Installing: /home/root1/Documents/January_Work/Multi-UAV-System-for-Forest-SAR/FASTLIOROS2/install/fast_lio/include/fast_lio/fast_lio/msg/detail/pose6_d__functions.c
[45.121s] -- Installing: /home/root1/Documents/January_Work/Multi-UAV-System-for-Forest-SAR/FASTLIOROS2/install/fast_lio/include/fast_lio/fast_lio/msg/rosidl_generator_c__visibility_control.h
[45.121s] -- Installing: /home/root1/Documents/January_Work/Multi-UAV-System-for-Forest-SAR/FASTLIOROS2/install/fast_lio/include/fast_lio/fast_lio/msg/pose6_d.h
[45.121s] -- Installing: /home/root1/Documents/January_Work/Multi-UAV-System-for-Forest-SAR/FASTLIOROS2/install/fast_lio/share/fast_lio/environment/library_path.sh
[45.122s] -- Installing: /home/root1/Documents/January_Work/Multi-UAV-System-for-Forest-SAR/FASTLIOROS2/install/fast_lio/share/fast_lio/environment/library_path.dsv
[45.122s] -- Installing: /home/root1/Documents/January_Work/Multi-UAV-System-for-Forest-SAR/FASTLIOROS2/install/fast_lio/lib/libfast_lio__rosidl_generator_c.so
[45.122s] -- Set runtime path of "/home/root1/Documents/January_Work/Multi-UAV-System-for-Forest-SAR/FASTLIOROS2/install/fast_lio/lib/libfast_lio__rosidl_generator_c.so" to ""
[45.122s] -- Up-to-date: /home/root1/Documents/January_Work/Multi-UAV-System-for-Forest-SAR/FASTLIOROS2/install/fast_lio/include/fast_lio/fast_lio
[45.122s] -- Up-to-date: /home/root1/Documents/January_Work/Multi-UAV-System-for-Forest-SAR/FASTLIOROS2/install/fast_lio/include/fast_lio/fast_lio/msg
[45.122s] -- Up-to-date: /home/root1/Documents/January_Work/Multi-UAV-System-for-Forest-SAR/FASTLIOROS2/install/fast_lio/include/fast_lio/fast_lio/msg/detail
[45.122s] -- Installing: /home/root1/Documents/January_Work/Multi-UAV-System-for-Forest-SAR/FASTLIOROS2/install/fast_lio/include/fast_lio/fast_lio/msg/detail/pose6_d__rosidl_typesupport_fastrtps_c.h
[45.122s] -- Installing: /home/root1/Documents/January_Work/Multi-UAV-System-for-Forest-SAR/FASTLIOROS2/install/fast_lio/include/fast_lio/fast_lio/msg/rosidl_typesupport_fastrtps_c__visibility_control.h
[45.122s] -- Installing: /home/root1/Documents/January_Work/Multi-UAV-System-for-Forest-SAR/FASTLIOROS2/install/fast_lio/lib/libfast_lio__rosidl_typesupport_fastrtps_c.so
[45.122s] -- Set runtime path of "/home/root1/Documents/January_Work/Multi-UAV-System-for-Forest-SAR/FASTLIOROS2/install/fast_lio/lib/libfast_lio__rosidl_typesupport_fastrtps_c.so" to ""
[45.123s] -- Up-to-date: /home/root1/Documents/January_Work/Multi-UAV-System-for-Forest-SAR/FASTLIOROS2/install/fast_lio/include/fast_lio/fast_lio
[45.123s] -- Up-to-date: /home/root1/Documents/January_Work/Multi-UAV-System-for-Forest-SAR/FASTLIOROS2/install/fast_lio/include/fast_lio/fast_lio/msg
[45.123s] -- Up-to-date: /home/root1/Documents/January_Work/Multi-UAV-System-for-Forest-SAR/FASTLIOROS2/install/fast_lio/include/fast_lio/fast_lio/msg/detail
[45.123s] -- Installing: /home/root1/Documents/January_Work/Multi-UAV-System-for-Forest-SAR/FASTLIOROS2/install/fast_lio/include/fast_lio/fast_lio/msg/detail/pose6_d__builder.hpp
[45.123s] -- Installing: /home/root1/Documents/January_Work/Multi-UAV-System-for-Forest-SAR/FASTLIOROS2/install/fast_lio/include/fast_lio/fast_lio/msg/detail/pose6_d__type_support.hpp
[45.123s] -- Installing: /home/root1/Documents/January_Work/Multi-UAV-System-for-Forest-SAR/FASTLIOROS2/install/fast_lio/include/fast_lio/fast_lio/msg/detail/pose6_d__traits.hpp
[45.123s] -- Installing: /home/root1/Documents/January_Work/Multi-UAV-System-for-Forest-SAR/FASTLIOROS2/install/fast_lio/include/fast_lio/fast_lio/msg/detail/pose6_d__struct.hpp
[45.123s] -- Installing: /home/root1/Documents/January_Work/Multi-UAV-System-for-Forest-SAR/FASTLIOROS2/install/fast_lio/include/fast_lio/fast_lio/msg/pose6_d.hpp
[45.123s] -- Installing: /home/root1/Documents/January_Work/Multi-UAV-System-for-Forest-SAR/FASTLIOROS2/install/fast_lio/include/fast_lio/fast_lio/msg/rosidl_generator_cpp__visibility_control.hpp
[45.123s] -- Up-to-date: /home/root1/Documents/January_Work/Multi-UAV-System-for-Forest-SAR/FASTLIOROS2/install/fast_lio/include/fast_lio/fast_lio
[45.123s] -- Up-to-date: /home/root1/Documents/January_Work/Multi-UAV-System-for-Forest-SAR/FASTLIOROS2/install/fast_lio/include/fast_lio/fast_lio/msg
[45.123s] -- Up-to-date: /home/root1/Documents/January_Work/Multi-UAV-System-for-Forest-SAR/FASTLIOROS2/install/fast_lio/include/fast_lio/fast_lio/msg/detail
[45.123s] -- Installing: /home/root1/Documents/January_Work/Multi-UAV-System-for-Forest-SAR/FASTLIOROS2/install/fast_lio/include/fast_lio/fast_lio/msg/detail/pose6_d__rosidl_typesupport_fastrtps_cpp.hpp
[45.123s] -- Installing: /home/root1/Documents/January_Work/Multi-UAV-System-for-Forest-SAR/FASTLIOROS2/install/fast_lio/include/fast_lio/fast_lio/msg/detail/dds_fastrtps
[45.123s] -- Installing: /home/root1/Documents/January_Work/Multi-UAV-System-for-Forest-SAR/FASTLIOROS2/install/fast_lio/include/fast_lio/fast_lio/msg/rosidl_typesupport_fastrtps_cpp__visibility_control.h
[45.123s] -- Installing: /home/root1/Documents/January_Work/Multi-UAV-System-for-Forest-SAR/FASTLIOROS2/install/fast_lio/lib/libfast_lio__rosidl_typesupport_fastrtps_cpp.so
[45.123s] -- Set runtime path of "/home/root1/Documents/January_Work/Multi-UAV-System-for-Forest-SAR/FASTLIOROS2/install/fast_lio/lib/libfast_lio__rosidl_typesupport_fastrtps_cpp.so" to ""
[45.123s] -- Up-to-date: /home/root1/Documents/January_Work/Multi-UAV-System-for-Forest-SAR/FASTLIOROS2/install/fast_lio/include/fast_lio/fast_lio
[45.123s] -- Up-to-date: /home/root1/Documents/January_Work/Multi-UAV-System-for-Forest-SAR/FASTLIOROS2/install/fast_lio/include/fast_lio/fast_lio/msg
[45.123s] -- Up-to-date: /home/root1/Documents/January_Work/Multi-UAV-System-for-Forest-SAR/FASTLIOROS2/install/fast_lio/include/fast_lio/fast_lio/msg/detail
[45.123s] -- Installing: /home/root1/Documents/January_Work/Multi-UAV-System-for-Forest-SAR/FASTLIOROS2/install/fast_lio/include/fast_lio/fast_lio/msg/detail/pose6_d__rosidl_typesupport_introspection_c.h
[45.123s] -- Installing: /home/root1/Documents/January_Work/Multi-UAV-System-for-Forest-SAR/FASTLIOROS2/install/fast_lio/include/fast_lio/fast_lio/msg/detail/pose6_d__type_support.c
[45.123s] -- Installing: /home/root1/Documents/January_Work/Multi-UAV-System-for-Forest-SAR/FASTLIOROS2/install/fast_lio/include/fast_lio/fast_lio/msg/rosidl_typesupport_introspection_c__visibility_control.h
[45.123s] -- Installing: /home/root1/Documents/January_Work/Multi-UAV-System-for-Forest-SAR/FASTLIOROS2/install/fast_lio/lib/libfast_lio__rosidl_typesupport_introspection_c.so
[45.123s] -- Set runtime path of "/home/root1/Documents/January_Work/Multi-UAV-System-for-Forest-SAR/FASTLIOROS2/install/fast_lio/lib/libfast_lio__rosidl_typesupport_introspection_c.so" to ""
[45.123s] -- Installing: /home/root1/Documents/January_Work/Multi-UAV-System-for-Forest-SAR/FASTLIOROS2/install/fast_lio/lib/libfast_lio__rosidl_typesupport_c.so
[45.124s] -- Set runtime path of "/home/root1/Documents/January_Work/Multi-UAV-System-for-Forest-SAR/FASTLIOROS2/install/fast_lio/lib/libfast_lio__rosidl_typesupport_c.so" to ""
[45.124s] -- Up-to-date: /home/root1/Documents/January_Work/Multi-UAV-System-for-Forest-SAR/FASTLIOROS2/install/fast_lio/include/fast_lio/fast_lio
[45.124s] -- Up-to-date: /home/root1/Documents/January_Work/Multi-UAV-System-for-Forest-SAR/FASTLIOROS2/install/fast_lio/include/fast_lio/fast_lio/msg
[45.124s] -- Up-to-date: /home/root1/Documents/January_Work/Multi-UAV-System-for-Forest-SAR/FASTLIOROS2/install/fast_lio/include/fast_lio/fast_lio/msg/detail
[45.124s] -- Installing: /home/root1/Documents/January_Work/Multi-UAV-System-for-Forest-SAR/FASTLIOROS2/install/fast_lio/include/fast_lio/fast_lio/msg/detail/pose6_d__rosidl_typesupport_introspection_cpp.hpp
[45.124s] -- Installing: /home/root1/Documents/January_Work/Multi-UAV-System-for-Forest-SAR/FASTLIOROS2/install/fast_lio/include/fast_lio/fast_lio/msg/detail/pose6_d__type_support.cpp
[45.124s] -- Installing: /home/root1/Documents/January_Work/Multi-UAV-System-for-Forest-SAR/FASTLIOROS2/install/fast_lio/lib/libfast_lio__rosidl_typesupport_introspection_cpp.so
[45.124s] -- Set runtime path of "/home/root1/Documents/January_Work/Multi-UAV-System-for-Forest-SAR/FASTLIOROS2/install/fast_lio/lib/libfast_lio__rosidl_typesupport_introspection_cpp.so" to ""
[45.124s] -- Installing: /home/root1/Documents/January_Work/Multi-UAV-System-for-Forest-SAR/FASTLIOROS2/install/fast_lio/lib/libfast_lio__rosidl_typesupport_cpp.so
[45.124s] -- Set runtime path of "/home/root1/Documents/January_Work/Multi-UAV-System-for-Forest-SAR/FASTLIOROS2/install/fast_lio/lib/libfast_lio__rosidl_typesupport_cpp.so" to ""
[45.124s] -- Installing: /home/root1/Documents/January_Work/Multi-UAV-System-for-Forest-SAR/FASTLIOROS2/install/fast_lio/share/fast_lio/environment/pythonpath.sh
[45.124s] -- Installing: /home/root1/Documents/January_Work/Multi-UAV-System-for-Forest-SAR/FASTLIOROS2/install/fast_lio/share/fast_lio/environment/pythonpath.dsv
[45.124s] -- Installing: /home/root1/Documents/January_Work/Multi-UAV-System-for-Forest-SAR/FASTLIOROS2/install/fast_lio/local/lib/python3.10/dist-packages/fast_lio-0.0.0-py3.10.egg-info
[45.124s] -- Installing: /home/root1/Documents/January_Work/Multi-UAV-System-for-Forest-SAR/FASTLIOROS2/install/fast_lio/local/lib/python3.10/dist-packages/fast_lio-0.0.0-py3.10.egg-info/dependency_links.txt
[45.124s] -- Installing: /home/root1/Documents/January_Work/Multi-UAV-System-for-Forest-SAR/FASTLIOROS2/install/fast_lio/local/lib/python3.10/dist-packages/fast_lio-0.0.0-py3.10.egg-info/PKG-INFO
[45.124s] -- Installing: /home/root1/Documents/January_Work/Multi-UAV-System-for-Forest-SAR/FASTLIOROS2/install/fast_lio/local/lib/python3.10/dist-packages/fast_lio-0.0.0-py3.10.egg-info/top_level.txt
[45.124s] -- Installing: /home/root1/Documents/January_Work/Multi-UAV-System-for-Forest-SAR/FASTLIOROS2/install/fast_lio/local/lib/python3.10/dist-packages/fast_lio-0.0.0-py3.10.egg-info/SOURCES.txt
[45.125s] -- Installing: /home/root1/Documents/January_Work/Multi-UAV-System-for-Forest-SAR/FASTLIOROS2/install/fast_lio/local/lib/python3.10/dist-packages/fast_lio
[45.125s] -- Installing: /home/root1/Documents/January_Work/Multi-UAV-System-for-Forest-SAR/FASTLIOROS2/install/fast_lio/local/lib/python3.10/dist-packages/fast_lio/msg
[45.125s] -- Installing: /home/root1/Documents/January_Work/Multi-UAV-System-for-Forest-SAR/FASTLIOROS2/install/fast_lio/local/lib/python3.10/dist-packages/fast_lio/msg/_pose6_d.py
[45.125s] -- Installing: /home/root1/Documents/January_Work/Multi-UAV-System-for-Forest-SAR/FASTLIOROS2/install/fast_lio/local/lib/python3.10/dist-packages/fast_lio/msg/__init__.py
[45.125s] -- Installing: /home/root1/Documents/January_Work/Multi-UAV-System-for-Forest-SAR/FASTLIOROS2/install/fast_lio/local/lib/python3.10/dist-packages/fast_lio/msg/_pose6_d_s.c
[45.125s] -- Installing: /home/root1/Documents/January_Work/Multi-UAV-System-for-Forest-SAR/FASTLIOROS2/install/fast_lio/local/lib/python3.10/dist-packages/fast_lio/_fast_lio_s.ep.rosidl_typesupport_c.c
[45.125s] -- Installing: /home/root1/Documents/January_Work/Multi-UAV-System-for-Forest-SAR/FASTLIOROS2/install/fast_lio/local/lib/python3.10/dist-packages/fast_lio/_fast_lio_s.ep.rosidl_typesupport_introspection_c.c
[45.125s] -- Installing: /home/root1/Documents/January_Work/Multi-UAV-System-for-Forest-SAR/FASTLIOROS2/install/fast_lio/local/lib/python3.10/dist-packages/fast_lio/__init__.py
[45.125s] -- Installing: /home/root1/Documents/January_Work/Multi-UAV-System-for-Forest-SAR/FASTLIOROS2/install/fast_lio/local/lib/python3.10/dist-packages/fast_lio/fast_lio_s__rosidl_typesupport_introspection_c.cpython-310-x86_64-linux-gnu.so
[45.125s] -- Installing: /home/root1/Documents/January_Work/Multi-UAV-System-for-Forest-SAR/FASTLIOROS2/install/fast_lio/local/lib/python3.10/dist-packages/fast_lio/fast_lio_s__rosidl_typesupport_c.cpython-310-x86_64-linux-gnu.so
[45.125s] -- Installing: /home/root1/Documents/January_Work/Multi-UAV-System-for-Forest-SAR/FASTLIOROS2/install/fast_lio/local/lib/python3.10/dist-packages/fast_lio/libfast_lio__rosidl_generator_py.so
[45.125s] -- Installing: /home/root1/Documents/January_Work/Multi-UAV-System-for-Forest-SAR/FASTLIOROS2/install/fast_lio/local/lib/python3.10/dist-packages/fast_lio/fast_lio_s__rosidl_typesupport_fastrtps_c.cpython-310-x86_64-linux-gnu.so
[45.125s] -- Installing: /home/root1/Documents/January_Work/Multi-UAV-System-for-Forest-SAR/FASTLIOROS2/install/fast_lio/local/lib/python3.10/dist-packages/fast_lio/_fast_lio_s.ep.rosidl_typesupport_fastrtps_c.c
[45.146s] Listing '/home/root1/Documents/January_Work/Multi-UAV-System-for-Forest-SAR/FASTLIOROS2/install/fast_lio/local/lib/python3.10/dist-packages/fast_lio'...
[45.146s] Compiling '/home/root1/Documents/January_Work/Multi-UAV-System-for-Forest-SAR/FASTLIOROS2/install/fast_lio/local/lib/python3.10/dist-packages/fast_lio/__init__.py'...
[45.147s] Listing '/home/root1/Documents/January_Work/Multi-UAV-System-for-Forest-SAR/FASTLIOROS2/install/fast_lio/local/lib/python3.10/dist-packages/fast_lio/msg'...
[45.147s] Compiling '/home/root1/Documents/January_Work/Multi-UAV-System-for-Forest-SAR/FASTLIOROS2/install/fast_lio/local/lib/python3.10/dist-packages/fast_lio/msg/__init__.py'...
[45.147s] Compiling '/home/root1/Documents/January_Work/Multi-UAV-System-for-Forest-SAR/FASTLIOROS2/install/fast_lio/local/lib/python3.10/dist-packages/fast_lio/msg/_pose6_d.py'...
[45.150s] -- Installing: /home/root1/Documents/January_Work/Multi-UAV-System-for-Forest-SAR/FASTLIOROS2/install/fast_lio/local/lib/python3.10/dist-packages/fast_lio/fast_lio_s__rosidl_typesupport_fastrtps_c.cpython-310-x86_64-linux-gnu.so
[45.150s] -- Set runtime path of "/home/root1/Documents/January_Work/Multi-UAV-System-for-Forest-SAR/FASTLIOROS2/install/fast_lio/local/lib/python3.10/dist-packages/fast_lio/fast_lio_s__rosidl_typesupport_fastrtps_c.cpython-310-x86_64-linux-gnu.so" to ""
[45.150s] -- Installing: /home/root1/Documents/January_Work/Multi-UAV-System-for-Forest-SAR/FASTLIOROS2/install/fast_lio/local/lib/python3.10/dist-packages/fast_lio/fast_lio_s__rosidl_typesupport_introspection_c.cpython-310-x86_64-linux-gnu.so
[45.150s] -- Set runtime path of "/home/root1/Documents/January_Work/Multi-UAV-System-for-Forest-SAR/FASTLIOROS2/install/fast_lio/local/lib/python3.10/dist-packages/fast_lio/fast_lio_s__rosidl_typesupport_introspection_c.cpython-310-x86_64-linux-gnu.so" to ""
[45.150s] -- Installing: /home/root1/Documents/January_Work/Multi-UAV-System-for-Forest-SAR/FASTLIOROS2/install/fast_lio/local/lib/python3.10/dist-packages/fast_lio/fast_lio_s__rosidl_typesupport_c.cpython-310-x86_64-linux-gnu.so
[45.150s] -- Set runtime path of "/home/root1/Documents/January_Work/Multi-UAV-System-for-Forest-SAR/FASTLIOROS2/install/fast_lio/local/lib/python3.10/dist-packages/fast_lio/fast_lio_s__rosidl_typesupport_c.cpython-310-x86_64-linux-gnu.so" to ""
[45.150s] -- Installing: /home/root1/Documents/January_Work/Multi-UAV-System-for-Forest-SAR/FASTLIOROS2/install/fast_lio/lib/libfast_lio__rosidl_generator_py.so
[45.151s] -- Set runtime path of "/home/root1/Documents/January_Work/Multi-UAV-System-for-Forest-SAR/FASTLIOROS2/install/fast_lio/lib/libfast_lio__rosidl_generator_py.so" to ""
[45.151s] -- Installing: /home/root1/Documents/January_Work/Multi-UAV-System-for-Forest-SAR/FASTLIOROS2/install/fast_lio/share/fast_lio/msg/Pose6D.idl
[45.151s] -- Installing: /home/root1/Documents/January_Work/Multi-UAV-System-for-Forest-SAR/FASTLIOROS2/install/fast_lio/share/fast_lio/msg/Pose6D.msg
[45.151s] -- Installing: /home/root1/Documents/January_Work/Multi-UAV-System-for-Forest-SAR/FASTLIOROS2/install/fast_lio/lib/fast_lio/fastlio_mapping
[45.152s] -- Set runtime path of "/home/root1/Documents/January_Work/Multi-UAV-System-for-Forest-SAR/FASTLIOROS2/install/fast_lio/lib/fast_lio/fastlio_mapping" to ""
[45.152s] -- Installing: /home/root1/Documents/January_Work/Multi-UAV-System-for-Forest-SAR/FASTLIOROS2/install/fast_lio/share/fast_lio/config
[45.152s] -- Installing: /home/root1/Documents/January_Work/Multi-UAV-System-for-Forest-SAR/FASTLIOROS2/install/fast_lio/share/fast_lio/config/ouster64.yaml
[45.152s] -- Installing: /home/root1/Documents/January_Work/Multi-UAV-System-for-Forest-SAR/FASTLIOROS2/install/fast_lio/share/fast_lio/config/velodyne.yaml
[45.152s] -- Installing: /home/root1/Documents/January_Work/Multi-UAV-System-for-Forest-SAR/FASTLIOROS2/install/fast_lio/share/fast_lio/config/horizon.yaml
[45.152s] -- Installing: /home/root1/Documents/January_Work/Multi-UAV-System-for-Forest-SAR/FASTLIOROS2/install/fast_lio/share/fast_lio/config/avia.yaml
[45.152s] -- Installing: /home/root1/Documents/January_Work/Multi-UAV-System-for-Forest-SAR/FASTLIOROS2/install/fast_lio/share/fast_lio/config/mid360.yaml
[45.152s] -- Installing: /home/root1/Documents/January_Work/Multi-UAV-System-for-Forest-SAR/FASTLIOROS2/install/fast_lio/share/fast_lio/launch
[45.152s] -- Installing: /home/root1/Documents/January_Work/Multi-UAV-System-for-Forest-SAR/FASTLIOROS2/install/fast_lio/share/fast_lio/launch/mapping.launch.py
[45.153s] -- Installing: /home/root1/Documents/January_Work/Multi-UAV-System-for-Forest-SAR/FASTLIOROS2/install/fast_lio/share/fast_lio/launch/gdb_debug_example.launch
[45.153s] -- Installing: /home/root1/Documents/January_Work/Multi-UAV-System-for-Forest-SAR/FASTLIOROS2/install/fast_lio/share/fast_lio/rviz
[45.153s] -- Installing: /home/root1/Documents/January_Work/Multi-UAV-System-for-Forest-SAR/FASTLIOROS2/install/fast_lio/share/fast_lio/rviz/fastlio.rviz
[45.153s] -- Installing: /home/root1/Documents/January_Work/Multi-UAV-System-for-Forest-SAR/FASTLIOROS2/install/fast_lio/share/ament_index/resource_index/package_run_dependencies/fast_lio
[45.153s] -- Installing: /home/root1/Documents/January_Work/Multi-UAV-System-for-Forest-SAR/FASTLIOROS2/install/fast_lio/share/ament_index/resource_index/parent_prefix_path/fast_lio
[45.153s] -- Installing: /home/root1/Documents/January_Work/Multi-UAV-System-for-Forest-SAR/FASTLIOROS2/install/fast_lio/share/fast_lio/environment/ament_prefix_path.sh
[45.153s] -- Installing: /home/root1/Documents/January_Work/Multi-UAV-System-for-Forest-SAR/FASTLIOROS2/install/fast_lio/share/fast_lio/environment/ament_prefix_path.dsv
[45.153s] -- Installing: /home/root1/Documents/January_Work/Multi-UAV-System-for-Forest-SAR/FASTLIOROS2/install/fast_lio/share/fast_lio/environment/path.sh
[45.153s] -- Installing: /home/root1/Documents/January_Work/Multi-UAV-System-for-Forest-SAR/FASTLIOROS2/install/fast_lio/share/fast_lio/environment/path.dsv
[45.153s] -- Installing: /home/root1/Documents/January_Work/Multi-UAV-System-for-Forest-SAR/FASTLIOROS2/install/fast_lio/share/fast_lio/local_setup.bash
[45.153s] -- Installing: /home/root1/Documents/January_Work/Multi-UAV-System-for-Forest-SAR/FASTLIOROS2/install/fast_lio/share/fast_lio/local_setup.sh
[45.153s] -- Installing: /home/root1/Documents/January_Work/Multi-UAV-System-for-Forest-SAR/FASTLIOROS2/install/fast_lio/share/fast_lio/local_setup.zsh
[45.153s] -- Installing: /home/root1/Documents/January_Work/Multi-UAV-System-for-Forest-SAR/FASTLIOROS2/install/fast_lio/share/fast_lio/local_setup.dsv
[45.153s] -- Installing: /home/root1/Documents/January_Work/Multi-UAV-System-for-Forest-SAR/FASTLIOROS2/install/fast_lio/share/fast_lio/package.dsv
[45.153s] -- Installing: /home/root1/Documents/January_Work/Multi-UAV-System-for-Forest-SAR/FASTLIOROS2/install/fast_lio/share/ament_index/resource_index/packages/fast_lio
[45.153s] -- Installing: /home/root1/Documents/January_Work/Multi-UAV-System-for-Forest-SAR/FASTLIOROS2/install/fast_lio/share/fast_lio/cmake/export_fast_lio__rosidl_generator_cExport.cmake
[45.153s] -- Installing: /home/root1/Documents/January_Work/Multi-UAV-System-for-Forest-SAR/FASTLIOROS2/install/fast_lio/share/fast_lio/cmake/export_fast_lio__rosidl_generator_cExport-release.cmake
[45.153s] -- Installing: /home/root1/Documents/January_Work/Multi-UAV-System-for-Forest-SAR/FASTLIOROS2/install/fast_lio/share/fast_lio/cmake/export_fast_lio__rosidl_typesupport_fastrtps_cExport.cmake
[45.154s] -- Installing: /home/root1/Documents/January_Work/Multi-UAV-System-for-Forest-SAR/FASTLIOROS2/install/fast_lio/share/fast_lio/cmake/export_fast_lio__rosidl_typesupport_fastrtps_cExport-release.cmake
[45.154s] -- Installing: /home/root1/Documents/January_Work/Multi-UAV-System-for-Forest-SAR/FASTLIOROS2/install/fast_lio/share/fast_lio/cmake/export_fast_lio__rosidl_generator_cppExport.cmake
[45.154s] -- Installing: /home/root1/Documents/January_Work/Multi-UAV-System-for-Forest-SAR/FASTLIOROS2/install/fast_lio/share/fast_lio/cmake/export_fast_lio__rosidl_typesupport_fastrtps_cppExport.cmake
[45.154s] -- Installing: /home/root1/Documents/January_Work/Multi-UAV-System-for-Forest-SAR/FASTLIOROS2/install/fast_lio/share/fast_lio/cmake/export_fast_lio__rosidl_typesupport_fastrtps_cppExport-release.cmake
[45.154s] -- Installing: /home/root1/Documents/January_Work/Multi-UAV-System-for-Forest-SAR/FASTLIOROS2/install/fast_lio/share/fast_lio/cmake/fast_lio__rosidl_typesupport_introspection_cExport.cmake
[45.154s] -- Installing: /home/root1/Documents/January_Work/Multi-UAV-System-for-Forest-SAR/FASTLIOROS2/install/fast_lio/share/fast_lio/cmake/fast_lio__rosidl_typesupport_introspection_cExport-release.cmake
[45.154s] -- Installing: /home/root1/Documents/January_Work/Multi-UAV-System-for-Forest-SAR/FASTLIOROS2/install/fast_lio/share/fast_lio/cmake/fast_lio__rosidl_typesupport_cExport.cmake
[45.154s] -- Installing: /home/root1/Documents/January_Work/Multi-UAV-System-for-Forest-SAR/FASTLIOROS2/install/fast_lio/share/fast_lio/cmake/fast_lio__rosidl_typesupport_cExport-release.cmake
[45.154s] -- Installing: /home/root1/Documents/January_Work/Multi-UAV-System-for-Forest-SAR/FASTLIOROS2/install/fast_lio/share/fast_lio/cmake/fast_lio__rosidl_typesupport_introspection_cppExport.cmake
[45.154s] -- Installing: /home/root1/Documents/January_Work/Multi-UAV-System-for-Forest-SAR/FASTLIOROS2/install/fast_lio/share/fast_lio/cmake/fast_lio__rosidl_typesupport_introspection_cppExport-release.cmake
[45.154s] -- Installing: /home/root1/Documents/January_Work/Multi-UAV-System-for-Forest-SAR/FASTLIOROS2/install/fast_lio/share/fast_lio/cmake/fast_lio__rosidl_typesupport_cppExport.cmake
[45.154s] -- Installing: /home/root1/Documents/January_Work/Multi-UAV-System-for-Forest-SAR/FASTLIOROS2/install/fast_lio/share/fast_lio/cmake/fast_lio__rosidl_typesupport_cppExport-release.cmake
[45.154s] -- Installing: /home/root1/Documents/January_Work/Multi-UAV-System-for-Forest-SAR/FASTLIOROS2/install/fast_lio/share/fast_lio/cmake/export_fast_lio__rosidl_generator_pyExport.cmake
[45.154s] -- Installing: /home/root1/Documents/January_Work/Multi-UAV-System-for-Forest-SAR/FASTLIOROS2/install/fast_lio/share/fast_lio/cmake/export_fast_lio__rosidl_generator_pyExport-release.cmake
[45.154s] -- Installing: /home/root1/Documents/January_Work/Multi-UAV-System-for-Forest-SAR/FASTLIOROS2/install/fast_lio/share/fast_lio/cmake/rosidl_cmake-extras.cmake
[45.154s] -- Installing: /home/root1/Documents/January_Work/Multi-UAV-System-for-Forest-SAR/FASTLIOROS2/install/fast_lio/share/fast_lio/cmake/ament_cmake_export_include_directories-extras.cmake
[45.154s] -- Installing: /home/root1/Documents/January_Work/Multi-UAV-System-for-Forest-SAR/FASTLIOROS2/install/fast_lio/share/fast_lio/cmake/ament_cmake_export_libraries-extras.cmake
[45.154s] -- Installing: /home/root1/Documents/January_Work/Multi-UAV-System-for-Forest-SAR/FASTLIOROS2/install/fast_lio/share/fast_lio/cmake/ament_cmake_export_targets-extras.cmake
[45.154s] -- Installing: /home/root1/Documents/January_Work/Multi-UAV-System-for-Forest-SAR/FASTLIOROS2/install/fast_lio/share/fast_lio/cmake/rosidl_cmake_export_typesupport_targets-extras.cmake
[45.154s] -- Installing: /home/root1/Documents/January_Work/Multi-UAV-System-for-Forest-SAR/FASTLIOROS2/install/fast_lio/share/fast_lio/cmake/ament_cmake_export_dependencies-extras.cmake
[45.154s] -- Installing: /home/root1/Documents/January_Work/Multi-UAV-System-for-Forest-SAR/FASTLIOROS2/install/fast_lio/share/fast_lio/cmake/rosidl_cmake_export_typesupport_libraries-extras.cmake
[45.155s] -- Installing: /home/root1/Documents/January_Work/Multi-UAV-System-for-Forest-SAR/FASTLIOROS2/install/fast_lio/share/fast_lio/cmake/fast_lioConfig.cmake
[45.155s] -- Installing: /home/root1/Documents/January_Work/Multi-UAV-System-for-Forest-SAR/FASTLIOROS2/install/fast_lio/share/fast_lio/cmake/fast_lioConfig-version.cmake
[45.155s] -- Installing: /home/root1/Documents/January_Work/Multi-UAV-System-for-Forest-SAR/FASTLIOROS2/install/fast_lio/share/fast_lio/package.xml
[45.156s] Invoked command in '/home/root1/Documents/January_Work/Multi-UAV-System-for-Forest-SAR/FASTLIOROS2/build/fast_lio' returned '0': CMAKE_PREFIX_PATH=${CMAKE_PREFIX_PATH}:/opt/ros/humble /usr/bin/cmake --install /home/root1/Documents/January_Work/Multi-UAV-System-for-Forest-SAR/FASTLIOROS2/build/fast_lio
