[1.621s] Invoking command in '/home/shameer/Documents/SLAM/gtpose_publisher/src/gtpath_publisher': PYTHONPATH=/home/shameer/Documents/SLAM/gtpose_publisher/build/gtpath_publisher/prefix_override:/usr/lib/python3/dist-packages/colcon_core/task/python/colcon_distutils_commands:/home/shameer/Documents/SLAM/gtpose_publisher/install/gtpath_publisher/lib/python3.10/site-packages:${PYTHONPATH} /usr/bin/python3 -W ignore:setup.py install is deprecated -W ignore:easy_install command is deprecated setup.py egg_info --egg-base ../../build/gtpath_publisher build --build-base /home/shameer/Documents/SLAM/gtpose_publisher/build/gtpath_publisher/build install --record /home/shameer/Documents/SLAM/gtpose_publisher/build/gtpath_publisher/install.log --single-version-externally-managed install_data
[2.205s] running egg_info
[2.207s] creating ../../build/gtpath_publisher/gtpath_publisher.egg-info
[2.208s] writing ../../build/gtpath_publisher/gtpath_publisher.egg-info/PKG-INFO
[2.208s] writing dependency_links to ../../build/gtpath_publisher/gtpath_publisher.egg-info/dependency_links.txt
[2.209s] writing entry points to ../../build/gtpath_publisher/gtpath_publisher.egg-info/entry_points.txt
[2.209s] writing requirements to ../../build/gtpath_publisher/gtpath_publisher.egg-info/requires.txt
[2.210s] writing top-level names to ../../build/gtpath_publisher/gtpath_publisher.egg-info/top_level.txt
[2.210s] writing manifest file '../../build/gtpath_publisher/gtpath_publisher.egg-info/SOURCES.txt'
[2.215s] reading manifest file '../../build/gtpath_publisher/gtpath_publisher.egg-info/SOURCES.txt'
[2.218s] writing manifest file '../../build/gtpath_publisher/gtpath_publisher.egg-info/SOURCES.txt'
[2.218s] running build
[2.219s] running build_py
[2.220s] creating /home/shameer/Documents/SLAM/gtpose_publisher/build/gtpath_publisher/build
[2.220s] creating /home/shameer/Documents/SLAM/gtpose_publisher/build/gtpath_publisher/build/lib
[2.221s] creating /home/shameer/Documents/SLAM/gtpose_publisher/build/gtpath_publisher/build/lib/gtpath_publisher
[2.221s] copying gtpath_publisher/__init__.py -> /home/shameer/Documents/SLAM/gtpose_publisher/build/gtpath_publisher/build/lib/gtpath_publisher
[2.221s] running install
[2.222s] running install_lib
[2.223s] creating /home/shameer/Documents/SLAM/gtpose_publisher/install/gtpath_publisher/lib/python3.10/site-packages/gtpath_publisher
[2.223s] copying /home/shameer/Documents/SLAM/gtpose_publisher/build/gtpath_publisher/build/lib/gtpath_publisher/__init__.py -> /home/shameer/Documents/SLAM/gtpose_publisher/install/gtpath_publisher/lib/python3.10/site-packages/gtpath_publisher
[2.225s] byte-compiling /home/shameer/Documents/SLAM/gtpose_publisher/install/gtpath_publisher/lib/python3.10/site-packages/gtpath_publisher/__init__.py to __init__.cpython-310.pyc
[2.226s] running install_data
[2.227s] creating /home/shameer/Documents/SLAM/gtpose_publisher/install/gtpath_publisher/share/ament_index
[2.227s] creating /home/shameer/Documents/SLAM/gtpose_publisher/install/gtpath_publisher/share/ament_index/resource_index
[2.227s] creating /home/shameer/Documents/SLAM/gtpose_publisher/install/gtpath_publisher/share/ament_index/resource_index/packages
[2.227s] copying resource/gtpath_publisher -> /home/shameer/Documents/SLAM/gtpose_publisher/install/gtpath_publisher/share/ament_index/resource_index/packages
[2.228s] copying package.xml -> /home/shameer/Documents/SLAM/gtpose_publisher/install/gtpath_publisher/share/gtpath_publisher
[2.228s] running install_egg_info
[2.234s] Copying ../../build/gtpath_publisher/gtpath_publisher.egg-info to /home/shameer/Documents/SLAM/gtpose_publisher/install/gtpath_publisher/lib/python3.10/site-packages/gtpath_publisher-0.0.0-py3.10.egg-info
[2.236s] running install_scripts
[2.302s] writing list of installed files to '/home/shameer/Documents/SLAM/gtpose_publisher/build/gtpath_publisher/install.log'
[2.363s] Invoked command in '/home/shameer/Documents/SLAM/gtpose_publisher/src/gtpath_publisher' returned '0': PYTHONPATH=/home/shameer/Documents/SLAM/gtpose_publisher/build/gtpath_publisher/prefix_override:/usr/lib/python3/dist-packages/colcon_core/task/python/colcon_distutils_commands:/home/shameer/Documents/SLAM/gtpose_publisher/install/gtpath_publisher/lib/python3.10/site-packages:${PYTHONPATH} /usr/bin/python3 -W ignore:setup.py install is deprecated -W ignore:easy_install command is deprecated setup.py egg_info --egg-base ../../build/gtpath_publisher build --build-base /home/shameer/Documents/SLAM/gtpose_publisher/build/gtpath_publisher/build install --record /home/shameer/Documents/SLAM/gtpose_publisher/build/gtpath_publisher/install.log --single-version-externally-managed install_data
