-- The C compiler identification is GNU 11.4.0
-- The CXX compiler identification is GNU 11.4.0
-- Detecting C compiler ABI info
-- Detecting C compiler ABI info - done
-- Check for working C compiler: /usr/bin/cc - skipped
-- Detecting C compile features
-- Detecting C compile features - done
-- Detecting CXX compiler ABI info
-- Detecting CXX compiler ABI info - done
-- Check for working CXX compiler: /usr/bin/c++ - skipped
-- Detecting CXX compile features
-- Detecting CXX compile features - done
-- Found ament_cmake: 1.3.11 (/opt/ros/humble/share/ament_cmake/cmake)
-- Found Python3: /usr/bin/python3 (found version "3.10.12") found components: Interpreter 
-- Found rclcpp: 16.0.11 (/opt/ros/humble/share/rclcpp/cmake)
-- Found rosidl_generator_c: 3.1.6 (/opt/ros/humble/share/rosidl_generator_c/cmake)
-- Found rosidl_adapter: 3.1.6 (/opt/ros/humble/share/rosidl_adapter/cmake)
-- Found rosidl_generator_cpp: 3.1.6 (/opt/ros/humble/share/rosidl_generator_cpp/cmake)
-- Using all available rosidl_typesupport_c: rosidl_typesupport_fastrtps_c;rosidl_typesupport_introspection_c
-- Using all available rosidl_typesupport_cpp: rosidl_typesupport_fastrtps_cpp;rosidl_typesupport_introspection_cpp
-- Found rmw_implementation_cmake: 6.1.2 (/opt/ros/humble/share/rmw_implementation_cmake/cmake)
-- Found rmw_fastrtps_cpp: 6.2.7 (/opt/ros/humble/share/rmw_fastrtps_cpp/cmake)
-- Found OpenSSL: /usr/lib/x86_64-linux-gnu/libcrypto.so (found version "3.0.2")  
-- Found FastRTPS: /opt/ros/humble/include  
-- Using RMW implementation 'rmw_fastrtps_cpp' as default
-- Looking for pthread.h
-- Looking for pthread.h - found
-- Performing Test CMAKE_HAVE_LIBC_PTHREAD
-- Performing Test CMAKE_HAVE_LIBC_PTHREAD - Success
-- Found Threads: TRUE  
-- Found ompl: /opt/ros/humble/include/ompl-1.6;/usr/include;/usr/include/eigen3  
-- Found nav_msgs: 4.2.4 (/opt/ros/humble/share/nav_msgs/cmake)
-- Found visualization_msgs: 4.2.4 (/opt/ros/humble/share/visualization_msgs/cmake)
-- Found octomap_msgs: 2.0.1 (/opt/ros/humble/share/octomap_msgs/cmake)
-- Found tf2: 0.25.9 (/opt/ros/humble/share/tf2/cmake)
-- Found tf2_ros: 0.25.9 (/opt/ros/humble/share/tf2_ros/cmake)
-- Found tf2_geometry_msgs: 0.25.9 (/opt/ros/humble/share/tf2_geometry_msgs/cmake)
-- Found eigen3_cmake_module: 0.1.1 (/opt/ros/humble/share/eigen3_cmake_module/cmake)
-- Found Eigen3: TRUE (found version "3.4.0") 
-- Ensuring Eigen3 include directory is part of orocos-kdl CMake target
-- eigen include /usr/include/eigen3
-- /usr/include/eigen3
-- fff 
-- Found ament_lint_auto: 0.12.11 (/opt/ros/humble/share/ament_lint_auto/cmake)
-- Configuring done
-- Generating done
-- Build files have been written to: /home/hu/ompl_example_2d/build/ompl_example_2d
[ 25%] [32mBuilding CXX object CMakeFiles/ompl_example_2d_library.dir/src/ompl_example_2d.cpp.o[0m
[ 50%] [32m[1mLinking CXX static library libompl_example_2d_library.a[0m
[ 50%] Built target ompl_example_2d_library
[ 75%] [32mBuilding CXX object CMakeFiles/ompl_example_2d_node.dir/src/ompl_example_2d_node.cpp.o[0m
[100%] [32m[1mLinking CXX executable ompl_example_2d_node[0m
[100%] Built target ompl_example_2d_node
-- Install configuration: ""
-- Installing: /home/hu/ompl_example_2d/install/ompl_example_2d/share/ompl_example_2d/launch
-- Installing: /home/hu/ompl_example_2d/install/ompl_example_2d/share/ompl_example_2d/launch/map_launch.py
-- Installing: /home/hu/ompl_example_2d/install/ompl_example_2d/share/ompl_example_2d/launch/ompl_example_2d.launch.py
-- Installing: /home/hu/ompl_example_2d/install/ompl_example_2d/share/ompl_example_2d/maps
-- Installing: /home/hu/ompl_example_2d/install/ompl_example_2d/share/ompl_example_2d/maps/map_home.yaml
-- Installing: /home/hu/ompl_example_2d/install/ompl_example_2d/share/ompl_example_2d/maps/map_home.pgm
-- Installing: /home/hu/ompl_example_2d/install/ompl_example_2d/share/ompl_example_2d/param
-- Installing: /home/hu/ompl_example_2d/install/ompl_example_2d/share/ompl_example_2d/param/costmap_params.yaml
-- Installing: /home/hu/ompl_example_2d/install/ompl_example_2d/share/ompl_example_2d/param/map_server_params.yaml
-- Installing: /home/hu/ompl_example_2d/install/ompl_example_2d/share/ompl_example_2d/rviz
-- Installing: /home/hu/ompl_example_2d/install/ompl_example_2d/share/ompl_example_2d/rviz/rviz_cfg.rviz
-- Installing: /home/hu/ompl_example_2d/install/ompl_example_2d/lib/ompl_example_2d/ompl_example_2d_node
-- Set runtime path of "/home/hu/ompl_example_2d/install/ompl_example_2d/lib/ompl_example_2d/ompl_example_2d_node" to ""
-- Installing: /home/hu/ompl_example_2d/install/ompl_example_2d/share/ament_index/resource_index/package_run_dependencies/ompl_example_2d
-- Installing: /home/hu/ompl_example_2d/install/ompl_example_2d/share/ament_index/resource_index/parent_prefix_path/ompl_example_2d
-- Installing: /home/hu/ompl_example_2d/install/ompl_example_2d/share/ompl_example_2d/environment/ament_prefix_path.sh
-- Installing: /home/hu/ompl_example_2d/install/ompl_example_2d/share/ompl_example_2d/environment/ament_prefix_path.dsv
-- Installing: /home/hu/ompl_example_2d/install/ompl_example_2d/share/ompl_example_2d/environment/path.sh
-- Installing: /home/hu/ompl_example_2d/install/ompl_example_2d/share/ompl_example_2d/environment/path.dsv
-- Installing: /home/hu/ompl_example_2d/install/ompl_example_2d/share/ompl_example_2d/local_setup.bash
-- Installing: /home/hu/ompl_example_2d/install/ompl_example_2d/share/ompl_example_2d/local_setup.sh
-- Installing: /home/hu/ompl_example_2d/install/ompl_example_2d/share/ompl_example_2d/local_setup.zsh
-- Installing: /home/hu/ompl_example_2d/install/ompl_example_2d/share/ompl_example_2d/local_setup.dsv
-- Installing: /home/hu/ompl_example_2d/install/ompl_example_2d/share/ompl_example_2d/package.dsv
-- Installing: /home/hu/ompl_example_2d/install/ompl_example_2d/share/ament_index/resource_index/packages/ompl_example_2d
-- Installing: /home/hu/ompl_example_2d/install/ompl_example_2d/share/ompl_example_2d/cmake/ompl_example_2dConfig.cmake
-- Installing: /home/hu/ompl_example_2d/install/ompl_example_2d/share/ompl_example_2d/cmake/ompl_example_2dConfig-version.cmake
-- Installing: /home/hu/ompl_example_2d/install/ompl_example_2d/share/ompl_example_2d/package.xml
