[0.096s] DEBUG:colcon:Command line arguments: ['/usr/bin/colcon', 'build']
[0.096s] DEBUG:colcon:Parsed command line arguments: Namespace(log_base=None, log_level=None, verb_name='build', build_base='build', install_base='install', merge_install=False, symlink_install=False, test_result_base=None, continue_on_error=False, executor='parallel', parallel_workers=20, event_handlers=None, ignore_user_meta=False, metas=['./colcon.meta'], base_paths=['.'], packages_ignore=None, packages_ignore_regex=None, paths=None, packages_up_to=None, packages_up_to_regex=None, packages_above=None, packages_above_and_dependencies=None, packages_above_depth=None, packages_select_by_dep=None, packages_skip_by_dep=None, packages_skip_up_to=None, packages_select_build_failed=False, packages_skip_build_finished=False, packages_select_test_failures=False, packages_skip_test_passed=False, packages_select=None, packages_skip=None, packages_select_regex=None, packages_skip_regex=None, packages_start=None, packages_end=None, allow_overriding=[], cmake_args=None, cmake_target=None, cmake_target_skip_unavailable=False, cmake_clean_cache=False, cmake_clean_first=False, cmake_force_configure=False, ament_cmake_args=None, catkin_cmake_args=None, catkin_skip_building_tests=False, mixin_files=None, mixin=None, verb_parser=<colcon_mixin.mixin.mixin_argument.MixinArgumentDecorator object at 0x7e36ba0457e0>, verb_extension=<colcon_core.verb.build.BuildVerb object at 0x7e36ba0452a0>, main=<bound method BuildVerb.main of <colcon_core.verb.build.BuildVerb object at 0x7e36ba0452a0>>, mixin_verb=('build',))
[0.213s] Level 1:colcon.colcon_core.package_discovery:discover_packages(colcon_meta) check parameters
[0.213s] Level 1:colcon.colcon_core.package_discovery:discover_packages(recursive) check parameters
[0.213s] Level 1:colcon.colcon_core.package_discovery:discover_packages(ignore) check parameters
[0.213s] Level 1:colcon.colcon_core.package_discovery:discover_packages(path) check parameters
[0.213s] Level 1:colcon.colcon_core.package_discovery:discover_packages(colcon_meta) discover
[0.213s] Level 1:colcon.colcon_core.package_discovery:discover_packages(recursive) discover
[0.213s] INFO:colcon.colcon_core.package_discovery:Crawling recursively for packages in '/home/root1/Documents/January_Work/Multi-UAV-System-for-Forest-SAR/FASTLIOROS2'
[0.213s] Level 1:colcon.colcon_core.package_identification:_identify(.) by extensions ['ignore', 'ignore_ament_install']
[0.213s] Level 1:colcon.colcon_core.package_identification:_identify(.) by extension 'ignore'
[0.213s] Level 1:colcon.colcon_core.package_identification:_identify(.) by extension 'ignore_ament_install'
[0.213s] Level 1:colcon.colcon_core.package_identification:_identify(.) by extensions ['colcon_pkg']
[0.213s] Level 1:colcon.colcon_core.package_identification:_identify(.) by extension 'colcon_pkg'
[0.213s] Level 1:colcon.colcon_core.package_identification:_identify(.) by extensions ['colcon_meta']
[0.213s] Level 1:colcon.colcon_core.package_identification:_identify(.) by extension 'colcon_meta'
[0.213s] Level 1:colcon.colcon_core.package_identification:_identify(.) by extensions ['ros']
[0.214s] Level 1:colcon.colcon_core.package_identification:_identify(.) by extension 'ros'
[0.224s] DEBUG:colcon.colcon_core.package_identification:Package '.' with type 'ros.ament_cmake' and name 'fast_lio'
[0.224s] Level 1:colcon.colcon_core.package_discovery:discover_packages(recursive) using defaults
[0.224s] Level 1:colcon.colcon_core.package_discovery:discover_packages(ignore) discover
[0.224s] Level 1:colcon.colcon_core.package_discovery:discover_packages(ignore) using defaults
[0.224s] Level 1:colcon.colcon_core.package_discovery:discover_packages(path) discover
[0.224s] Level 1:colcon.colcon_core.package_discovery:discover_packages(path) using defaults
[0.246s] Level 1:colcon.colcon_core.package_discovery:discover_packages(prefix_path) check parameters
[0.246s] Level 1:colcon.colcon_core.package_discovery:discover_packages(prefix_path) discover
[0.247s] DEBUG:colcon.colcon_installed_package_information.package_discovery:Found 0 installed packages in /home/root1/ros2_ws/install
[0.248s] DEBUG:colcon.colcon_installed_package_information.package_discovery:Found 300 installed packages in /opt/ros/humble
[0.249s] Level 1:colcon.colcon_core.package_discovery:discover_packages(prefix_path) using defaults
[0.268s] Level 5:colcon.colcon_core.verb:set package 'fast_lio' build argument 'cmake_args' from command line to 'None'
[0.268s] Level 5:colcon.colcon_core.verb:set package 'fast_lio' build argument 'cmake_target' from command line to 'None'
[0.268s] Level 5:colcon.colcon_core.verb:set package 'fast_lio' build argument 'cmake_target_skip_unavailable' from command line to 'False'
[0.268s] Level 5:colcon.colcon_core.verb:set package 'fast_lio' build argument 'cmake_clean_cache' from command line to 'False'
[0.268s] Level 5:colcon.colcon_core.verb:set package 'fast_lio' build argument 'cmake_clean_first' from command line to 'False'
[0.268s] Level 5:colcon.colcon_core.verb:set package 'fast_lio' build argument 'cmake_force_configure' from command line to 'False'
[0.268s] Level 5:colcon.colcon_core.verb:set package 'fast_lio' build argument 'ament_cmake_args' from command line to 'None'
[0.268s] Level 5:colcon.colcon_core.verb:set package 'fast_lio' build argument 'catkin_cmake_args' from command line to 'None'
[0.268s] Level 5:colcon.colcon_core.verb:set package 'fast_lio' build argument 'catkin_skip_building_tests' from command line to 'False'
[0.268s] DEBUG:colcon.colcon_core.verb:Building package 'fast_lio' with the following arguments: {'ament_cmake_args': None, 'build_base': '/home/root1/Documents/January_Work/Multi-UAV-System-for-Forest-SAR/FASTLIOROS2/build/fast_lio', 'catkin_cmake_args': None, 'catkin_skip_building_tests': False, 'cmake_args': None, 'cmake_clean_cache': False, 'cmake_clean_first': False, 'cmake_force_configure': False, 'cmake_target': None, 'cmake_target_skip_unavailable': False, 'install_base': '/home/root1/Documents/January_Work/Multi-UAV-System-for-Forest-SAR/FASTLIOROS2/install/fast_lio', 'merge_install': False, 'path': '/home/root1/Documents/January_Work/Multi-UAV-System-for-Forest-SAR/FASTLIOROS2', 'symlink_install': False, 'test_result_base': None}
[0.269s] INFO:colcon.colcon_core.executor:Executing jobs using 'parallel' executor
[0.269s] DEBUG:colcon.colcon_parallel_executor.executor.parallel:run_until_complete
[0.269s] INFO:colcon.colcon_ros.task.ament_cmake.build:Building ROS package in '/home/root1/Documents/January_Work/Multi-UAV-System-for-Forest-SAR/FASTLIOROS2' with build type 'ament_cmake'
[0.269s] INFO:colcon.colcon_cmake.task.cmake.build:Building CMake package in '/home/root1/Documents/January_Work/Multi-UAV-System-for-Forest-SAR/FASTLIOROS2'
[0.272s] INFO:colcon.colcon_core.plugin_system:Skipping extension 'colcon_core.shell.bat': Not used on non-Windows systems
[0.272s] INFO:colcon.colcon_core.shell:Skip shell extension 'powershell' for command environment: Not usable outside of PowerShell
[0.272s] DEBUG:colcon.colcon_core.shell:Skip shell extension 'dsv' for command environment
[0.277s] DEBUG:colcon.colcon_core.event_handler.log_command:Invoking command in '/home/root1/Documents/January_Work/Multi-UAV-System-for-Forest-SAR/FASTLIOROS2/build/fast_lio': CMAKE_PREFIX_PATH=${CMAKE_PREFIX_PATH}:/opt/ros/humble /usr/bin/cmake /home/root1/Documents/January_Work/Multi-UAV-System-for-Forest-SAR/FASTLIOROS2 -DCMAKE_INSTALL_PREFIX=/home/root1/Documents/January_Work/Multi-UAV-System-for-Forest-SAR/FASTLIOROS2/install/fast_lio
[3.070s] DEBUG:colcon.colcon_core.event_handler.log_command:Invoked command in '/home/root1/Documents/January_Work/Multi-UAV-System-for-Forest-SAR/FASTLIOROS2/build/fast_lio' returned '0': CMAKE_PREFIX_PATH=${CMAKE_PREFIX_PATH}:/opt/ros/humble /usr/bin/cmake /home/root1/Documents/January_Work/Multi-UAV-System-for-Forest-SAR/FASTLIOROS2 -DCMAKE_INSTALL_PREFIX=/home/root1/Documents/January_Work/Multi-UAV-System-for-Forest-SAR/FASTLIOROS2/install/fast_lio
[3.071s] DEBUG:colcon.colcon_core.event_handler.log_command:Invoking command in '/home/root1/Documents/January_Work/Multi-UAV-System-for-Forest-SAR/FASTLIOROS2/build/fast_lio': CMAKE_PREFIX_PATH=${CMAKE_PREFIX_PATH}:/opt/ros/humble /usr/bin/cmake --build /home/root1/Documents/January_Work/Multi-UAV-System-for-Forest-SAR/FASTLIOROS2/build/fast_lio -- -j20 -l20
[45.379s] DEBUG:colcon.colcon_core.event_handler.log_command:Invoked command in '/home/root1/Documents/January_Work/Multi-UAV-System-for-Forest-SAR/FASTLIOROS2/build/fast_lio' returned '0': CMAKE_PREFIX_PATH=${CMAKE_PREFIX_PATH}:/opt/ros/humble /usr/bin/cmake --build /home/root1/Documents/January_Work/Multi-UAV-System-for-Forest-SAR/FASTLIOROS2/build/fast_lio -- -j20 -l20
[45.384s] DEBUG:colcon.colcon_core.event_handler.log_command:Invoking command in '/home/root1/Documents/January_Work/Multi-UAV-System-for-Forest-SAR/FASTLIOROS2/build/fast_lio': CMAKE_PREFIX_PATH=${CMAKE_PREFIX_PATH}:/opt/ros/humble /usr/bin/cmake --install /home/root1/Documents/January_Work/Multi-UAV-System-for-Forest-SAR/FASTLIOROS2/build/fast_lio
[45.426s] Level 1:colcon.colcon_core.environment:create_environment_scripts_only(fast_lio)
[45.426s] DEBUG:colcon.colcon_core.event_handler.log_command:Invoked command in '/home/root1/Documents/January_Work/Multi-UAV-System-for-Forest-SAR/FASTLIOROS2/build/fast_lio' returned '0': CMAKE_PREFIX_PATH=${CMAKE_PREFIX_PATH}:/opt/ros/humble /usr/bin/cmake --install /home/root1/Documents/January_Work/Multi-UAV-System-for-Forest-SAR/FASTLIOROS2/build/fast_lio
[45.430s] Level 1:colcon.colcon_core.environment:checking '/home/root1/Documents/January_Work/Multi-UAV-System-for-Forest-SAR/FASTLIOROS2/install/fast_lio' for CMake module files
[45.430s] Level 1:colcon.colcon_core.environment:checking '/home/root1/Documents/January_Work/Multi-UAV-System-for-Forest-SAR/FASTLIOROS2/install/fast_lio' for CMake config files
[45.431s] Level 1:colcon.colcon_core.shell:create_environment_hook('fast_lio', 'cmake_prefix_path')
[45.431s] INFO:colcon.colcon_core.shell:Creating environment hook '/home/root1/Documents/January_Work/Multi-UAV-System-for-Forest-SAR/FASTLIOROS2/install/fast_lio/share/fast_lio/hook/cmake_prefix_path.ps1'
[45.431s] INFO:colcon.colcon_core.shell:Creating environment descriptor '/home/root1/Documents/January_Work/Multi-UAV-System-for-Forest-SAR/FASTLIOROS2/install/fast_lio/share/fast_lio/hook/cmake_prefix_path.dsv'
[45.432s] INFO:colcon.colcon_core.shell:Creating environment hook '/home/root1/Documents/January_Work/Multi-UAV-System-for-Forest-SAR/FASTLIOROS2/install/fast_lio/share/fast_lio/hook/cmake_prefix_path.sh'
[45.432s] Level 1:colcon.colcon_core.environment:checking '/home/root1/Documents/January_Work/Multi-UAV-System-for-Forest-SAR/FASTLIOROS2/install/fast_lio/lib'
[45.432s] Level 1:colcon.colcon_core.shell:create_environment_hook('fast_lio', 'ld_library_path_lib')
[45.432s] INFO:colcon.colcon_core.shell:Creating environment hook '/home/root1/Documents/January_Work/Multi-UAV-System-for-Forest-SAR/FASTLIOROS2/install/fast_lio/share/fast_lio/hook/ld_library_path_lib.ps1'
[45.432s] INFO:colcon.colcon_core.shell:Creating environment descriptor '/home/root1/Documents/January_Work/Multi-UAV-System-for-Forest-SAR/FASTLIOROS2/install/fast_lio/share/fast_lio/hook/ld_library_path_lib.dsv'
[45.433s] INFO:colcon.colcon_core.shell:Creating environment hook '/home/root1/Documents/January_Work/Multi-UAV-System-for-Forest-SAR/FASTLIOROS2/install/fast_lio/share/fast_lio/hook/ld_library_path_lib.sh'
[45.433s] Level 1:colcon.colcon_core.environment:checking '/home/root1/Documents/January_Work/Multi-UAV-System-for-Forest-SAR/FASTLIOROS2/install/fast_lio/bin'
[45.433s] Level 1:colcon.colcon_core.environment:checking '/home/root1/Documents/January_Work/Multi-UAV-System-for-Forest-SAR/FASTLIOROS2/install/fast_lio/lib/pkgconfig/fast_lio.pc'
[45.433s] Level 1:colcon.colcon_core.environment:checking '/home/root1/Documents/January_Work/Multi-UAV-System-for-Forest-SAR/FASTLIOROS2/install/fast_lio/lib/python3.10/site-packages'
[45.433s] Level 1:colcon.colcon_core.environment:checking '/home/root1/Documents/January_Work/Multi-UAV-System-for-Forest-SAR/FASTLIOROS2/install/fast_lio/bin'
[45.433s] INFO:colcon.colcon_core.shell:Creating package script '/home/root1/Documents/January_Work/Multi-UAV-System-for-Forest-SAR/FASTLIOROS2/install/fast_lio/share/fast_lio/package.ps1'
[45.434s] INFO:colcon.colcon_core.shell:Creating package descriptor '/home/root1/Documents/January_Work/Multi-UAV-System-for-Forest-SAR/FASTLIOROS2/install/fast_lio/share/fast_lio/package.dsv'
[45.435s] INFO:colcon.colcon_core.shell:Creating package script '/home/root1/Documents/January_Work/Multi-UAV-System-for-Forest-SAR/FASTLIOROS2/install/fast_lio/share/fast_lio/package.sh'
[45.435s] INFO:colcon.colcon_core.shell:Creating package script '/home/root1/Documents/January_Work/Multi-UAV-System-for-Forest-SAR/FASTLIOROS2/install/fast_lio/share/fast_lio/package.bash'
[45.435s] INFO:colcon.colcon_core.shell:Creating package script '/home/root1/Documents/January_Work/Multi-UAV-System-for-Forest-SAR/FASTLIOROS2/install/fast_lio/share/fast_lio/package.zsh'
[45.436s] Level 1:colcon.colcon_core.environment:create_file_with_runtime_dependencies(/home/root1/Documents/January_Work/Multi-UAV-System-for-Forest-SAR/FASTLIOROS2/install/fast_lio/share/colcon-core/packages/fast_lio)
[45.436s] Level 1:colcon.colcon_core.environment:create_environment_scripts_only(fast_lio)
[45.437s] Level 1:colcon.colcon_core.environment:checking '/home/root1/Documents/January_Work/Multi-UAV-System-for-Forest-SAR/FASTLIOROS2/install/fast_lio' for CMake module files
[45.437s] Level 1:colcon.colcon_core.environment:checking '/home/root1/Documents/January_Work/Multi-UAV-System-for-Forest-SAR/FASTLIOROS2/install/fast_lio' for CMake config files
[45.437s] Level 1:colcon.colcon_core.shell:create_environment_hook('fast_lio', 'cmake_prefix_path')
[45.437s] INFO:colcon.colcon_core.shell:Creating environment hook '/home/root1/Documents/January_Work/Multi-UAV-System-for-Forest-SAR/FASTLIOROS2/install/fast_lio/share/fast_lio/hook/cmake_prefix_path.ps1'
[45.437s] INFO:colcon.colcon_core.shell:Creating environment descriptor '/home/root1/Documents/January_Work/Multi-UAV-System-for-Forest-SAR/FASTLIOROS2/install/fast_lio/share/fast_lio/hook/cmake_prefix_path.dsv'
[45.438s] INFO:colcon.colcon_core.shell:Creating environment hook '/home/root1/Documents/January_Work/Multi-UAV-System-for-Forest-SAR/FASTLIOROS2/install/fast_lio/share/fast_lio/hook/cmake_prefix_path.sh'
[45.438s] Level 1:colcon.colcon_core.environment:checking '/home/root1/Documents/January_Work/Multi-UAV-System-for-Forest-SAR/FASTLIOROS2/install/fast_lio/lib'
[45.438s] Level 1:colcon.colcon_core.shell:create_environment_hook('fast_lio', 'ld_library_path_lib')
[45.438s] INFO:colcon.colcon_core.shell:Creating environment hook '/home/root1/Documents/January_Work/Multi-UAV-System-for-Forest-SAR/FASTLIOROS2/install/fast_lio/share/fast_lio/hook/ld_library_path_lib.ps1'
[45.438s] INFO:colcon.colcon_core.shell:Creating environment descriptor '/home/root1/Documents/January_Work/Multi-UAV-System-for-Forest-SAR/FASTLIOROS2/install/fast_lio/share/fast_lio/hook/ld_library_path_lib.dsv'
[45.438s] INFO:colcon.colcon_core.shell:Creating environment hook '/home/root1/Documents/January_Work/Multi-UAV-System-for-Forest-SAR/FASTLIOROS2/install/fast_lio/share/fast_lio/hook/ld_library_path_lib.sh'
[45.439s] Level 1:colcon.colcon_core.environment:checking '/home/root1/Documents/January_Work/Multi-UAV-System-for-Forest-SAR/FASTLIOROS2/install/fast_lio/bin'
[45.439s] Level 1:colcon.colcon_core.environment:checking '/home/root1/Documents/January_Work/Multi-UAV-System-for-Forest-SAR/FASTLIOROS2/install/fast_lio/lib/pkgconfig/fast_lio.pc'
[45.439s] Level 1:colcon.colcon_core.environment:checking '/home/root1/Documents/January_Work/Multi-UAV-System-for-Forest-SAR/FASTLIOROS2/install/fast_lio/lib/python3.10/site-packages'
[45.439s] Level 1:colcon.colcon_core.environment:checking '/home/root1/Documents/January_Work/Multi-UAV-System-for-Forest-SAR/FASTLIOROS2/install/fast_lio/bin'
[45.439s] INFO:colcon.colcon_core.shell:Creating package script '/home/root1/Documents/January_Work/Multi-UAV-System-for-Forest-SAR/FASTLIOROS2/install/fast_lio/share/fast_lio/package.ps1'
[45.439s] INFO:colcon.colcon_core.shell:Creating package descriptor '/home/root1/Documents/January_Work/Multi-UAV-System-for-Forest-SAR/FASTLIOROS2/install/fast_lio/share/fast_lio/package.dsv'
[45.440s] INFO:colcon.colcon_core.shell:Creating package script '/home/root1/Documents/January_Work/Multi-UAV-System-for-Forest-SAR/FASTLIOROS2/install/fast_lio/share/fast_lio/package.sh'
[45.440s] INFO:colcon.colcon_core.shell:Creating package script '/home/root1/Documents/January_Work/Multi-UAV-System-for-Forest-SAR/FASTLIOROS2/install/fast_lio/share/fast_lio/package.bash'
[45.440s] INFO:colcon.colcon_core.shell:Creating package script '/home/root1/Documents/January_Work/Multi-UAV-System-for-Forest-SAR/FASTLIOROS2/install/fast_lio/share/fast_lio/package.zsh'
[45.440s] Level 1:colcon.colcon_core.environment:create_file_with_runtime_dependencies(/home/root1/Documents/January_Work/Multi-UAV-System-for-Forest-SAR/FASTLIOROS2/install/fast_lio/share/colcon-core/packages/fast_lio)
[45.441s] DEBUG:colcon.colcon_parallel_executor.executor.parallel:closing loop
[45.441s] DEBUG:colcon.colcon_parallel_executor.executor.parallel:loop closed
[45.441s] DEBUG:colcon.colcon_parallel_executor.executor.parallel:run_until_complete finished with '0'
[45.441s] DEBUG:colcon.colcon_core.event_reactor:joining thread
[45.444s] INFO:colcon.colcon_core.plugin_system:Skipping extension 'colcon_notification.desktop_notification.terminal_notifier': Not used on non-Darwin systems
[45.444s] INFO:colcon.colcon_core.plugin_system:Skipping extension 'colcon_notification.desktop_notification.win32': Not used on non-Windows systems
[45.444s] INFO:colcon.colcon_notification.desktop_notification:Sending desktop notification using 'notify2'
[45.451s] DEBUG:colcon.colcon_core.event_reactor:joined thread
[45.451s] INFO:colcon.colcon_core.shell:Creating prefix script '/home/root1/Documents/January_Work/Multi-UAV-System-for-Forest-SAR/FASTLIOROS2/install/local_setup.ps1'
[45.452s] INFO:colcon.colcon_core.shell:Creating prefix util module '/home/root1/Documents/January_Work/Multi-UAV-System-for-Forest-SAR/FASTLIOROS2/install/_local_setup_util_ps1.py'
[45.452s] INFO:colcon.colcon_core.shell:Creating prefix chain script '/home/root1/Documents/January_Work/Multi-UAV-System-for-Forest-SAR/FASTLIOROS2/install/setup.ps1'
[45.453s] INFO:colcon.colcon_core.shell:Creating prefix script '/home/root1/Documents/January_Work/Multi-UAV-System-for-Forest-SAR/FASTLIOROS2/install/local_setup.sh'
[45.453s] INFO:colcon.colcon_core.shell:Creating prefix util module '/home/root1/Documents/January_Work/Multi-UAV-System-for-Forest-SAR/FASTLIOROS2/install/_local_setup_util_sh.py'
[45.454s] INFO:colcon.colcon_core.shell:Creating prefix chain script '/home/root1/Documents/January_Work/Multi-UAV-System-for-Forest-SAR/FASTLIOROS2/install/setup.sh'
[45.454s] INFO:colcon.colcon_core.shell:Creating prefix script '/home/root1/Documents/January_Work/Multi-UAV-System-for-Forest-SAR/FASTLIOROS2/install/local_setup.bash'
[45.454s] INFO:colcon.colcon_core.shell:Creating prefix chain script '/home/root1/Documents/January_Work/Multi-UAV-System-for-Forest-SAR/FASTLIOROS2/install/setup.bash'
[45.455s] INFO:colcon.colcon_core.shell:Creating prefix script '/home/root1/Documents/January_Work/Multi-UAV-System-for-Forest-SAR/FASTLIOROS2/install/local_setup.zsh'
[45.455s] INFO:colcon.colcon_core.shell:Creating prefix chain script '/home/root1/Documents/January_Work/Multi-UAV-System-for-Forest-SAR/FASTLIOROS2/install/setup.zsh'
