[0.052s] DEBUG:colcon:Command line arguments: ['/usr/bin/colcon', 'build']
[0.053s] DEBUG:colcon:Parsed command line arguments: Namespace(log_base=None, log_level=None, verb_name='build', build_base='build', install_base='install', merge_install=False, symlink_install=False, test_result_base=None, continue_on_error=False, executor='parallel', parallel_workers=20, event_handlers=None, ignore_user_meta=False, metas=['./colcon.meta'], base_paths=['.'], packages_ignore=None, packages_ignore_regex=None, paths=None, packages_up_to=None, packages_up_to_regex=None, packages_above=None, packages_above_and_dependencies=None, packages_above_depth=None, packages_select_by_dep=None, packages_skip_by_dep=None, packages_skip_up_to=None, packages_select_build_failed=False, packages_skip_build_finished=False, packages_select_test_failures=False, packages_skip_test_passed=False, packages_select=None, packages_skip=None, packages_select_regex=None, packages_skip_regex=None, packages_start=None, packages_end=None, allow_overriding=[], cmake_args=None, cmake_target=None, cmake_target_skip_unavailable=False, cmake_clean_cache=False, cmake_clean_first=False, cmake_force_configure=False, ament_cmake_args=None, catkin_cmake_args=None, catkin_skip_building_tests=False, mixin_files=None, mixin=None, verb_parser=<colcon_mixin.mixin.mixin_argument.MixinArgumentDecorator object at 0x7a2a68b5d810>, verb_extension=<colcon_core.verb.build.BuildVerb object at 0x7a2a68b5d2d0>, main=<bound method BuildVerb.main of <colcon_core.verb.build.BuildVerb object at 0x7a2a68b5d2d0>>, mixin_verb=('build',))
[0.133s] Level 1:colcon.colcon_core.package_discovery:discover_packages(colcon_meta) check parameters
[0.133s] Level 1:colcon.colcon_core.package_discovery:discover_packages(recursive) check parameters
[0.133s] Level 1:colcon.colcon_core.package_discovery:discover_packages(ignore) check parameters
[0.133s] Level 1:colcon.colcon_core.package_discovery:discover_packages(path) check parameters
[0.133s] Level 1:colcon.colcon_core.package_discovery:discover_packages(colcon_meta) discover
[0.133s] Level 1:colcon.colcon_core.package_discovery:discover_packages(recursive) discover
[0.133s] INFO:colcon.colcon_core.package_discovery:Crawling recursively for packages in '/home/root1/Documents/January_Work/Multi-UAV-System-for-Forest-SAR/octomap_server2_latest_2'
[0.133s] Level 1:colcon.colcon_core.package_identification:_identify(.) by extensions ['ignore', 'ignore_ament_install']
[0.133s] Level 1:colcon.colcon_core.package_identification:_identify(.) by extension 'ignore'
[0.133s] Level 1:colcon.colcon_core.package_identification:_identify(.) by extension 'ignore_ament_install'
[0.133s] Level 1:colcon.colcon_core.package_identification:_identify(.) by extensions ['colcon_pkg']
[0.133s] Level 1:colcon.colcon_core.package_identification:_identify(.) by extension 'colcon_pkg'
[0.133s] Level 1:colcon.colcon_core.package_identification:_identify(.) by extensions ['colcon_meta']
[0.133s] Level 1:colcon.colcon_core.package_identification:_identify(.) by extension 'colcon_meta'
[0.133s] Level 1:colcon.colcon_core.package_identification:_identify(.) by extensions ['ros']
[0.133s] Level 1:colcon.colcon_core.package_identification:_identify(.) by extension 'ros'
[0.139s] Level 1:colcon.colcon_core.package_identification:_identify(.) by extensions ['cmake', 'python']
[0.139s] Level 1:colcon.colcon_core.package_identification:_identify(.) by extension 'cmake'
[0.139s] Level 1:colcon.colcon_core.package_identification:_identify(.) by extension 'python'
[0.139s] Level 1:colcon.colcon_core.package_identification:_identify(.) by extensions ['python_setup_py']
[0.139s] Level 1:colcon.colcon_core.package_identification:_identify(.) by extension 'python_setup_py'
[0.139s] Level 1:colcon.colcon_core.package_identification:_identify(Runs on 19th April) by extensions ['ignore', 'ignore_ament_install']
[0.139s] Level 1:colcon.colcon_core.package_identification:_identify(Runs on 19th April) by extension 'ignore'
[0.139s] Level 1:colcon.colcon_core.package_identification:_identify(Runs on 19th April) by extension 'ignore_ament_install'
[0.139s] Level 1:colcon.colcon_core.package_identification:_identify(Runs on 19th April) by extensions ['colcon_pkg']
[0.139s] Level 1:colcon.colcon_core.package_identification:_identify(Runs on 19th April) by extension 'colcon_pkg'
[0.139s] Level 1:colcon.colcon_core.package_identification:_identify(Runs on 19th April) by extensions ['colcon_meta']
[0.139s] Level 1:colcon.colcon_core.package_identification:_identify(Runs on 19th April) by extension 'colcon_meta'
[0.139s] Level 1:colcon.colcon_core.package_identification:_identify(Runs on 19th April) by extensions ['ros']
[0.139s] Level 1:colcon.colcon_core.package_identification:_identify(Runs on 19th April) by extension 'ros'
[0.139s] Level 1:colcon.colcon_core.package_identification:_identify(Runs on 19th April) by extensions ['cmake', 'python']
[0.139s] Level 1:colcon.colcon_core.package_identification:_identify(Runs on 19th April) by extension 'cmake'
[0.139s] Level 1:colcon.colcon_core.package_identification:_identify(Runs on 19th April) by extension 'python'
[0.139s] Level 1:colcon.colcon_core.package_identification:_identify(Runs on 19th April) by extensions ['python_setup_py']
[0.139s] Level 1:colcon.colcon_core.package_identification:_identify(Runs on 19th April) by extension 'python_setup_py'
[0.139s] Level 1:colcon.colcon_core.package_identification:_identify(Runs on 19th April/1st Position) by extensions ['ignore', 'ignore_ament_install']
[0.139s] Level 1:colcon.colcon_core.package_identification:_identify(Runs on 19th April/1st Position) by extension 'ignore'
[0.140s] Level 1:colcon.colcon_core.package_identification:_identify(Runs on 19th April/1st Position) by extension 'ignore_ament_install'
[0.140s] Level 1:colcon.colcon_core.package_identification:_identify(Runs on 19th April/1st Position) by extensions ['colcon_pkg']
[0.140s] Level 1:colcon.colcon_core.package_identification:_identify(Runs on 19th April/1st Position) by extension 'colcon_pkg'
[0.140s] Level 1:colcon.colcon_core.package_identification:_identify(Runs on 19th April/1st Position) by extensions ['colcon_meta']
[0.140s] Level 1:colcon.colcon_core.package_identification:_identify(Runs on 19th April/1st Position) by extension 'colcon_meta'
[0.140s] Level 1:colcon.colcon_core.package_identification:_identify(Runs on 19th April/1st Position) by extensions ['ros']
[0.140s] Level 1:colcon.colcon_core.package_identification:_identify(Runs on 19th April/1st Position) by extension 'ros'
[0.140s] Level 1:colcon.colcon_core.package_identification:_identify(Runs on 19th April/1st Position) by extensions ['cmake', 'python']
[0.140s] Level 1:colcon.colcon_core.package_identification:_identify(Runs on 19th April/1st Position) by extension 'cmake'
[0.140s] Level 1:colcon.colcon_core.package_identification:_identify(Runs on 19th April/1st Position) by extension 'python'
[0.140s] Level 1:colcon.colcon_core.package_identification:_identify(Runs on 19th April/1st Position) by extensions ['python_setup_py']
[0.140s] Level 1:colcon.colcon_core.package_identification:_identify(Runs on 19th April/1st Position) by extension 'python_setup_py'
[0.140s] Level 1:colcon.colcon_core.package_identification:_identify(build) by extensions ['ignore', 'ignore_ament_install']
[0.140s] Level 1:colcon.colcon_core.package_identification:_identify(build) by extension 'ignore'
[0.140s] Level 1:colcon.colcon_core.package_identification:_identify(build) ignored
[0.140s] Level 1:colcon.colcon_core.package_identification:_identify(install) by extensions ['ignore', 'ignore_ament_install']
[0.140s] Level 1:colcon.colcon_core.package_identification:_identify(install) by extension 'ignore'
[0.140s] Level 1:colcon.colcon_core.package_identification:_identify(install) ignored
[0.140s] Level 1:colcon.colcon_core.package_identification:_identify(log) by extensions ['ignore', 'ignore_ament_install']
[0.140s] Level 1:colcon.colcon_core.package_identification:_identify(log) by extension 'ignore'
[0.140s] Level 1:colcon.colcon_core.package_identification:_identify(log) ignored
[0.140s] Level 1:colcon.colcon_core.package_identification:_identify(octomap_server2) by extensions ['ignore', 'ignore_ament_install']
[0.140s] Level 1:colcon.colcon_core.package_identification:_identify(octomap_server2) by extension 'ignore'
[0.140s] Level 1:colcon.colcon_core.package_identification:_identify(octomap_server2) by extension 'ignore_ament_install'
[0.140s] Level 1:colcon.colcon_core.package_identification:_identify(octomap_server2) by extensions ['colcon_pkg']
[0.140s] Level 1:colcon.colcon_core.package_identification:_identify(octomap_server2) by extension 'colcon_pkg'
[0.140s] Level 1:colcon.colcon_core.package_identification:_identify(octomap_server2) by extensions ['colcon_meta']
[0.140s] Level 1:colcon.colcon_core.package_identification:_identify(octomap_server2) by extension 'colcon_meta'
[0.140s] Level 1:colcon.colcon_core.package_identification:_identify(octomap_server2) by extensions ['ros']
[0.140s] Level 1:colcon.colcon_core.package_identification:_identify(octomap_server2) by extension 'ros'
[0.142s] DEBUG:colcon.colcon_core.package_identification:Package 'octomap_server2' with type 'ros.ament_cmake' and name 'octomap_server2'
[0.142s] Level 1:colcon.colcon_core.package_discovery:discover_packages(recursive) using defaults
[0.142s] Level 1:colcon.colcon_core.package_discovery:discover_packages(ignore) discover
[0.142s] Level 1:colcon.colcon_core.package_discovery:discover_packages(ignore) using defaults
[0.142s] Level 1:colcon.colcon_core.package_discovery:discover_packages(path) discover
[0.142s] Level 1:colcon.colcon_core.package_discovery:discover_packages(path) using defaults
[0.157s] Level 1:colcon.colcon_core.package_discovery:discover_packages(prefix_path) check parameters
[0.157s] Level 1:colcon.colcon_core.package_discovery:discover_packages(prefix_path) discover
[0.158s] DEBUG:colcon.colcon_installed_package_information.package_discovery:Found 0 installed packages in /home/root1/ros2_ws/install
[0.158s] DEBUG:colcon.colcon_installed_package_information.package_discovery:Found 300 installed packages in /opt/ros/humble
[0.159s] Level 1:colcon.colcon_core.package_discovery:discover_packages(prefix_path) using defaults
[0.176s] Level 5:colcon.colcon_core.verb:set package 'octomap_server2' build argument 'cmake_args' from command line to 'None'
[0.176s] Level 5:colcon.colcon_core.verb:set package 'octomap_server2' build argument 'cmake_target' from command line to 'None'
[0.176s] Level 5:colcon.colcon_core.verb:set package 'octomap_server2' build argument 'cmake_target_skip_unavailable' from command line to 'False'
[0.176s] Level 5:colcon.colcon_core.verb:set package 'octomap_server2' build argument 'cmake_clean_cache' from command line to 'False'
[0.176s] Level 5:colcon.colcon_core.verb:set package 'octomap_server2' build argument 'cmake_clean_first' from command line to 'False'
[0.176s] Level 5:colcon.colcon_core.verb:set package 'octomap_server2' build argument 'cmake_force_configure' from command line to 'False'
[0.176s] Level 5:colcon.colcon_core.verb:set package 'octomap_server2' build argument 'ament_cmake_args' from command line to 'None'
[0.176s] Level 5:colcon.colcon_core.verb:set package 'octomap_server2' build argument 'catkin_cmake_args' from command line to 'None'
[0.176s] Level 5:colcon.colcon_core.verb:set package 'octomap_server2' build argument 'catkin_skip_building_tests' from command line to 'False'
[0.176s] DEBUG:colcon.colcon_core.verb:Building package 'octomap_server2' with the following arguments: {'ament_cmake_args': None, 'build_base': '/home/root1/Documents/January_Work/Multi-UAV-System-for-Forest-SAR/octomap_server2_latest_2/build/octomap_server2', 'catkin_cmake_args': None, 'catkin_skip_building_tests': False, 'cmake_args': None, 'cmake_clean_cache': False, 'cmake_clean_first': False, 'cmake_force_configure': False, 'cmake_target': None, 'cmake_target_skip_unavailable': False, 'install_base': '/home/root1/Documents/January_Work/Multi-UAV-System-for-Forest-SAR/octomap_server2_latest_2/install/octomap_server2', 'merge_install': False, 'path': '/home/root1/Documents/January_Work/Multi-UAV-System-for-Forest-SAR/octomap_server2_latest_2/octomap_server2', 'symlink_install': False, 'test_result_base': None}
[0.177s] INFO:colcon.colcon_core.executor:Executing jobs using 'parallel' executor
[0.177s] DEBUG:colcon.colcon_parallel_executor.executor.parallel:run_until_complete
[0.177s] INFO:colcon.colcon_ros.task.ament_cmake.build:Building ROS package in '/home/root1/Documents/January_Work/Multi-UAV-System-for-Forest-SAR/octomap_server2_latest_2/octomap_server2' with build type 'ament_cmake'
[0.177s] INFO:colcon.colcon_cmake.task.cmake.build:Building CMake package in '/home/root1/Documents/January_Work/Multi-UAV-System-for-Forest-SAR/octomap_server2_latest_2/octomap_server2'
[0.178s] INFO:colcon.colcon_core.plugin_system:Skipping extension 'colcon_core.shell.bat': Not used on non-Windows systems
[0.178s] INFO:colcon.colcon_core.shell:Skip shell extension 'powershell' for command environment: Not usable outside of PowerShell
[0.178s] DEBUG:colcon.colcon_core.shell:Skip shell extension 'dsv' for command environment
[0.183s] DEBUG:colcon.colcon_core.event_handler.log_command:Invoking command in '/home/root1/Documents/January_Work/Multi-UAV-System-for-Forest-SAR/octomap_server2_latest_2/build/octomap_server2': CMAKE_PREFIX_PATH=${CMAKE_PREFIX_PATH}:/opt/ros/humble /usr/bin/cmake /home/root1/Documents/January_Work/Multi-UAV-System-for-Forest-SAR/octomap_server2_latest_2/octomap_server2 -DCMAKE_INSTALL_PREFIX=/home/root1/Documents/January_Work/Multi-UAV-System-for-Forest-SAR/octomap_server2_latest_2/install/octomap_server2
[2.330s] DEBUG:colcon.colcon_core.event_handler.log_command:Invoked command in '/home/root1/Documents/January_Work/Multi-UAV-System-for-Forest-SAR/octomap_server2_latest_2/build/octomap_server2' returned '0': CMAKE_PREFIX_PATH=${CMAKE_PREFIX_PATH}:/opt/ros/humble /usr/bin/cmake /home/root1/Documents/January_Work/Multi-UAV-System-for-Forest-SAR/octomap_server2_latest_2/octomap_server2 -DCMAKE_INSTALL_PREFIX=/home/root1/Documents/January_Work/Multi-UAV-System-for-Forest-SAR/octomap_server2_latest_2/install/octomap_server2
[2.331s] DEBUG:colcon.colcon_core.event_handler.log_command:Invoking command in '/home/root1/Documents/January_Work/Multi-UAV-System-for-Forest-SAR/octomap_server2_latest_2/build/octomap_server2': CMAKE_PREFIX_PATH=${CMAKE_PREFIX_PATH}:/opt/ros/humble /usr/bin/cmake --build /home/root1/Documents/January_Work/Multi-UAV-System-for-Forest-SAR/octomap_server2_latest_2/build/octomap_server2 -- -j20 -l20
[22.172s] DEBUG:colcon.colcon_core.event_handler.log_command:Invoked command in '/home/root1/Documents/January_Work/Multi-UAV-System-for-Forest-SAR/octomap_server2_latest_2/build/octomap_server2' returned '0': CMAKE_PREFIX_PATH=${CMAKE_PREFIX_PATH}:/opt/ros/humble /usr/bin/cmake --build /home/root1/Documents/January_Work/Multi-UAV-System-for-Forest-SAR/octomap_server2_latest_2/build/octomap_server2 -- -j20 -l20
[22.179s] DEBUG:colcon.colcon_core.event_handler.log_command:Invoking command in '/home/root1/Documents/January_Work/Multi-UAV-System-for-Forest-SAR/octomap_server2_latest_2/build/octomap_server2': CMAKE_PREFIX_PATH=${CMAKE_PREFIX_PATH}:/opt/ros/humble /usr/bin/cmake --install /home/root1/Documents/January_Work/Multi-UAV-System-for-Forest-SAR/octomap_server2_latest_2/build/octomap_server2
[22.214s] Level 1:colcon.colcon_core.environment:create_environment_scripts_only(octomap_server2)
[22.214s] DEBUG:colcon.colcon_core.event_handler.log_command:Invoked command in '/home/root1/Documents/January_Work/Multi-UAV-System-for-Forest-SAR/octomap_server2_latest_2/build/octomap_server2' returned '0': CMAKE_PREFIX_PATH=${CMAKE_PREFIX_PATH}:/opt/ros/humble /usr/bin/cmake --install /home/root1/Documents/January_Work/Multi-UAV-System-for-Forest-SAR/octomap_server2_latest_2/build/octomap_server2
[22.216s] Level 1:colcon.colcon_core.environment:checking '/home/root1/Documents/January_Work/Multi-UAV-System-for-Forest-SAR/octomap_server2_latest_2/install/octomap_server2' for CMake module files
[22.216s] Level 1:colcon.colcon_core.environment:checking '/home/root1/Documents/January_Work/Multi-UAV-System-for-Forest-SAR/octomap_server2_latest_2/install/octomap_server2' for CMake config files
[22.216s] Level 1:colcon.colcon_core.shell:create_environment_hook('octomap_server2', 'cmake_prefix_path')
[22.216s] INFO:colcon.colcon_core.shell:Creating environment hook '/home/root1/Documents/January_Work/Multi-UAV-System-for-Forest-SAR/octomap_server2_latest_2/install/octomap_server2/share/octomap_server2/hook/cmake_prefix_path.ps1'
[22.217s] INFO:colcon.colcon_core.shell:Creating environment descriptor '/home/root1/Documents/January_Work/Multi-UAV-System-for-Forest-SAR/octomap_server2_latest_2/install/octomap_server2/share/octomap_server2/hook/cmake_prefix_path.dsv'
[22.217s] INFO:colcon.colcon_core.shell:Creating environment hook '/home/root1/Documents/January_Work/Multi-UAV-System-for-Forest-SAR/octomap_server2_latest_2/install/octomap_server2/share/octomap_server2/hook/cmake_prefix_path.sh'
[22.218s] Level 1:colcon.colcon_core.environment:checking '/home/root1/Documents/January_Work/Multi-UAV-System-for-Forest-SAR/octomap_server2_latest_2/install/octomap_server2/lib'
[22.218s] Level 1:colcon.colcon_core.shell:create_environment_hook('octomap_server2', 'ld_library_path_lib')
[22.218s] INFO:colcon.colcon_core.shell:Creating environment hook '/home/root1/Documents/January_Work/Multi-UAV-System-for-Forest-SAR/octomap_server2_latest_2/install/octomap_server2/share/octomap_server2/hook/ld_library_path_lib.ps1'
[22.218s] INFO:colcon.colcon_core.shell:Creating environment descriptor '/home/root1/Documents/January_Work/Multi-UAV-System-for-Forest-SAR/octomap_server2_latest_2/install/octomap_server2/share/octomap_server2/hook/ld_library_path_lib.dsv'
[22.218s] INFO:colcon.colcon_core.shell:Creating environment hook '/home/root1/Documents/January_Work/Multi-UAV-System-for-Forest-SAR/octomap_server2_latest_2/install/octomap_server2/share/octomap_server2/hook/ld_library_path_lib.sh'
[22.218s] Level 1:colcon.colcon_core.environment:checking '/home/root1/Documents/January_Work/Multi-UAV-System-for-Forest-SAR/octomap_server2_latest_2/install/octomap_server2/bin'
[22.219s] Level 1:colcon.colcon_core.environment:checking '/home/root1/Documents/January_Work/Multi-UAV-System-for-Forest-SAR/octomap_server2_latest_2/install/octomap_server2/lib/pkgconfig/octomap_server2.pc'
[22.219s] Level 1:colcon.colcon_core.environment:checking '/home/root1/Documents/January_Work/Multi-UAV-System-for-Forest-SAR/octomap_server2_latest_2/install/octomap_server2/lib/python3.10/site-packages'
[22.219s] Level 1:colcon.colcon_core.environment:checking '/home/root1/Documents/January_Work/Multi-UAV-System-for-Forest-SAR/octomap_server2_latest_2/install/octomap_server2/bin'
[22.219s] INFO:colcon.colcon_core.shell:Creating package script '/home/root1/Documents/January_Work/Multi-UAV-System-for-Forest-SAR/octomap_server2_latest_2/install/octomap_server2/share/octomap_server2/package.ps1'
[22.219s] INFO:colcon.colcon_core.shell:Creating package descriptor '/home/root1/Documents/January_Work/Multi-UAV-System-for-Forest-SAR/octomap_server2_latest_2/install/octomap_server2/share/octomap_server2/package.dsv'
[22.220s] INFO:colcon.colcon_core.shell:Creating package script '/home/root1/Documents/January_Work/Multi-UAV-System-for-Forest-SAR/octomap_server2_latest_2/install/octomap_server2/share/octomap_server2/package.sh'
[22.220s] INFO:colcon.colcon_core.shell:Creating package script '/home/root1/Documents/January_Work/Multi-UAV-System-for-Forest-SAR/octomap_server2_latest_2/install/octomap_server2/share/octomap_server2/package.bash'
[22.221s] INFO:colcon.colcon_core.shell:Creating package script '/home/root1/Documents/January_Work/Multi-UAV-System-for-Forest-SAR/octomap_server2_latest_2/install/octomap_server2/share/octomap_server2/package.zsh'
[22.221s] Level 1:colcon.colcon_core.environment:create_file_with_runtime_dependencies(/home/root1/Documents/January_Work/Multi-UAV-System-for-Forest-SAR/octomap_server2_latest_2/install/octomap_server2/share/colcon-core/packages/octomap_server2)
[22.222s] Level 1:colcon.colcon_core.environment:create_environment_scripts_only(octomap_server2)
[22.222s] Level 1:colcon.colcon_core.environment:checking '/home/root1/Documents/January_Work/Multi-UAV-System-for-Forest-SAR/octomap_server2_latest_2/install/octomap_server2' for CMake module files
[22.222s] Level 1:colcon.colcon_core.environment:checking '/home/root1/Documents/January_Work/Multi-UAV-System-for-Forest-SAR/octomap_server2_latest_2/install/octomap_server2' for CMake config files
[22.222s] Level 1:colcon.colcon_core.shell:create_environment_hook('octomap_server2', 'cmake_prefix_path')
[22.222s] INFO:colcon.colcon_core.shell:Creating environment hook '/home/root1/Documents/January_Work/Multi-UAV-System-for-Forest-SAR/octomap_server2_latest_2/install/octomap_server2/share/octomap_server2/hook/cmake_prefix_path.ps1'
[22.222s] INFO:colcon.colcon_core.shell:Creating environment descriptor '/home/root1/Documents/January_Work/Multi-UAV-System-for-Forest-SAR/octomap_server2_latest_2/install/octomap_server2/share/octomap_server2/hook/cmake_prefix_path.dsv'
[22.222s] INFO:colcon.colcon_core.shell:Creating environment hook '/home/root1/Documents/January_Work/Multi-UAV-System-for-Forest-SAR/octomap_server2_latest_2/install/octomap_server2/share/octomap_server2/hook/cmake_prefix_path.sh'
[22.223s] Level 1:colcon.colcon_core.environment:checking '/home/root1/Documents/January_Work/Multi-UAV-System-for-Forest-SAR/octomap_server2_latest_2/install/octomap_server2/lib'
[22.223s] Level 1:colcon.colcon_core.shell:create_environment_hook('octomap_server2', 'ld_library_path_lib')
[22.223s] INFO:colcon.colcon_core.shell:Creating environment hook '/home/root1/Documents/January_Work/Multi-UAV-System-for-Forest-SAR/octomap_server2_latest_2/install/octomap_server2/share/octomap_server2/hook/ld_library_path_lib.ps1'
[22.223s] INFO:colcon.colcon_core.shell:Creating environment descriptor '/home/root1/Documents/January_Work/Multi-UAV-System-for-Forest-SAR/octomap_server2_latest_2/install/octomap_server2/share/octomap_server2/hook/ld_library_path_lib.dsv'
[22.223s] INFO:colcon.colcon_core.shell:Creating environment hook '/home/root1/Documents/January_Work/Multi-UAV-System-for-Forest-SAR/octomap_server2_latest_2/install/octomap_server2/share/octomap_server2/hook/ld_library_path_lib.sh'
[22.223s] Level 1:colcon.colcon_core.environment:checking '/home/root1/Documents/January_Work/Multi-UAV-System-for-Forest-SAR/octomap_server2_latest_2/install/octomap_server2/bin'
[22.223s] Level 1:colcon.colcon_core.environment:checking '/home/root1/Documents/January_Work/Multi-UAV-System-for-Forest-SAR/octomap_server2_latest_2/install/octomap_server2/lib/pkgconfig/octomap_server2.pc'
[22.223s] Level 1:colcon.colcon_core.environment:checking '/home/root1/Documents/January_Work/Multi-UAV-System-for-Forest-SAR/octomap_server2_latest_2/install/octomap_server2/lib/python3.10/site-packages'
[22.224s] Level 1:colcon.colcon_core.environment:checking '/home/root1/Documents/January_Work/Multi-UAV-System-for-Forest-SAR/octomap_server2_latest_2/install/octomap_server2/bin'
[22.224s] INFO:colcon.colcon_core.shell:Creating package script '/home/root1/Documents/January_Work/Multi-UAV-System-for-Forest-SAR/octomap_server2_latest_2/install/octomap_server2/share/octomap_server2/package.ps1'
[22.224s] INFO:colcon.colcon_core.shell:Creating package descriptor '/home/root1/Documents/January_Work/Multi-UAV-System-for-Forest-SAR/octomap_server2_latest_2/install/octomap_server2/share/octomap_server2/package.dsv'
[22.224s] INFO:colcon.colcon_core.shell:Creating package script '/home/root1/Documents/January_Work/Multi-UAV-System-for-Forest-SAR/octomap_server2_latest_2/install/octomap_server2/share/octomap_server2/package.sh'
[22.224s] INFO:colcon.colcon_core.shell:Creating package script '/home/root1/Documents/January_Work/Multi-UAV-System-for-Forest-SAR/octomap_server2_latest_2/install/octomap_server2/share/octomap_server2/package.bash'
[22.225s] INFO:colcon.colcon_core.shell:Creating package script '/home/root1/Documents/January_Work/Multi-UAV-System-for-Forest-SAR/octomap_server2_latest_2/install/octomap_server2/share/octomap_server2/package.zsh'
[22.225s] Level 1:colcon.colcon_core.environment:create_file_with_runtime_dependencies(/home/root1/Documents/January_Work/Multi-UAV-System-for-Forest-SAR/octomap_server2_latest_2/install/octomap_server2/share/colcon-core/packages/octomap_server2)
[22.225s] DEBUG:colcon.colcon_parallel_executor.executor.parallel:closing loop
[22.225s] DEBUG:colcon.colcon_parallel_executor.executor.parallel:loop closed
[22.225s] DEBUG:colcon.colcon_parallel_executor.executor.parallel:run_until_complete finished with '0'
[22.225s] DEBUG:colcon.colcon_core.event_reactor:joining thread
[22.230s] INFO:colcon.colcon_core.plugin_system:Skipping extension 'colcon_notification.desktop_notification.terminal_notifier': Not used on non-Darwin systems
[22.230s] INFO:colcon.colcon_core.plugin_system:Skipping extension 'colcon_notification.desktop_notification.win32': Not used on non-Windows systems
[22.230s] INFO:colcon.colcon_notification.desktop_notification:Sending desktop notification using 'notify2'
[22.238s] DEBUG:colcon.colcon_core.event_reactor:joined thread
[22.238s] INFO:colcon.colcon_core.shell:Creating prefix script '/home/root1/Documents/January_Work/Multi-UAV-System-for-Forest-SAR/octomap_server2_latest_2/install/local_setup.ps1'
[22.239s] INFO:colcon.colcon_core.shell:Creating prefix util module '/home/root1/Documents/January_Work/Multi-UAV-System-for-Forest-SAR/octomap_server2_latest_2/install/_local_setup_util_ps1.py'
[22.240s] INFO:colcon.colcon_core.shell:Creating prefix chain script '/home/root1/Documents/January_Work/Multi-UAV-System-for-Forest-SAR/octomap_server2_latest_2/install/setup.ps1'
[22.241s] INFO:colcon.colcon_core.shell:Creating prefix script '/home/root1/Documents/January_Work/Multi-UAV-System-for-Forest-SAR/octomap_server2_latest_2/install/local_setup.sh'
[22.242s] INFO:colcon.colcon_core.shell:Creating prefix util module '/home/root1/Documents/January_Work/Multi-UAV-System-for-Forest-SAR/octomap_server2_latest_2/install/_local_setup_util_sh.py'
[22.242s] INFO:colcon.colcon_core.shell:Creating prefix chain script '/home/root1/Documents/January_Work/Multi-UAV-System-for-Forest-SAR/octomap_server2_latest_2/install/setup.sh'
[22.243s] INFO:colcon.colcon_core.shell:Creating prefix script '/home/root1/Documents/January_Work/Multi-UAV-System-for-Forest-SAR/octomap_server2_latest_2/install/local_setup.bash'
[22.243s] INFO:colcon.colcon_core.shell:Creating prefix chain script '/home/root1/Documents/January_Work/Multi-UAV-System-for-Forest-SAR/octomap_server2_latest_2/install/setup.bash'
[22.244s] INFO:colcon.colcon_core.shell:Creating prefix script '/home/root1/Documents/January_Work/Multi-UAV-System-for-Forest-SAR/octomap_server2_latest_2/install/local_setup.zsh'
[22.244s] INFO:colcon.colcon_core.shell:Creating prefix chain script '/home/root1/Documents/January_Work/Multi-UAV-System-for-Forest-SAR/octomap_server2_latest_2/install/setup.zsh'
