[0.922s] DEBUG:colcon:Command line arguments: ['/usr/bin/colcon', 'build']
[0.923s] DEBUG:colcon:Parsed command line arguments: Namespace(log_base=None, log_level=None, verb_name='build', build_base='build', install_base='install', merge_install=False, symlink_install=False, test_result_base=None, continue_on_error=False, executor='parallel', parallel_workers=8, event_handlers=None, ignore_user_meta=False, metas=['./colcon.meta'], base_paths=['.'], packages_ignore=None, packages_ignore_regex=None, paths=None, packages_up_to=None, packages_up_to_regex=None, packages_above=None, packages_above_and_dependencies=None, packages_above_depth=None, packages_select_by_dep=None, packages_skip_by_dep=None, packages_skip_up_to=None, packages_select_build_failed=False, packages_skip_build_finished=False, packages_select_test_failures=False, packages_skip_test_passed=False, packages_select=None, packages_skip=None, packages_select_regex=None, packages_skip_regex=None, packages_start=None, packages_end=None, allow_overriding=[], cmake_args=None, cmake_target=None, cmake_target_skip_unavailable=False, cmake_clean_cache=False, cmake_clean_first=False, cmake_force_configure=False, ament_cmake_args=None, catkin_cmake_args=None, catkin_skip_building_tests=False, mixin_files=None, mixin=None, verb_parser=<colcon_mixin.mixin.mixin_argument.MixinArgumentDecorator object at 0x755cfd0463b0>, verb_extension=<colcon_core.verb.build.BuildVerb object at 0x755cfd045ed0>, main=<bound method BuildVerb.main of <colcon_core.verb.build.BuildVerb object at 0x755cfd045ed0>>, mixin_verb=('build',))
[2.713s] Level 1:colcon.colcon_core.package_discovery:discover_packages(colcon_meta) check parameters
[2.713s] Level 1:colcon.colcon_core.package_discovery:discover_packages(recursive) check parameters
[2.714s] Level 1:colcon.colcon_core.package_discovery:discover_packages(ignore) check parameters
[2.714s] Level 1:colcon.colcon_core.package_discovery:discover_packages(path) check parameters
[2.715s] Level 1:colcon.colcon_core.package_discovery:discover_packages(colcon_meta) discover
[2.717s] Level 1:colcon.colcon_core.package_discovery:discover_packages(recursive) discover
[2.717s] INFO:colcon.colcon_core.package_discovery:Crawling recursively for packages in '/home/shameer/sjtu_drone-ros2/sjtu_drone_control/sjtu_drone_control'
[2.718s] Level 1:colcon.colcon_core.package_identification:_identify(.) by extensions ['ignore', 'ignore_ament_install']
[2.719s] Level 1:colcon.colcon_core.package_identification:_identify(.) by extension 'ignore'
[2.720s] Level 1:colcon.colcon_core.package_identification:_identify(.) by extension 'ignore_ament_install'
[2.721s] Level 1:colcon.colcon_core.package_identification:_identify(.) by extensions ['colcon_pkg']
[2.721s] Level 1:colcon.colcon_core.package_identification:_identify(.) by extension 'colcon_pkg'
[2.721s] Level 1:colcon.colcon_core.package_identification:_identify(.) by extensions ['colcon_meta']
[2.722s] Level 1:colcon.colcon_core.package_identification:_identify(.) by extension 'colcon_meta'
[2.723s] Level 1:colcon.colcon_core.package_identification:_identify(.) by extensions ['ros']
[2.724s] Level 1:colcon.colcon_core.package_identification:_identify(.) by extension 'ros'
[2.836s] Level 1:colcon.colcon_core.package_identification:_identify(.) by extensions ['cmake', 'python']
[2.836s] Level 1:colcon.colcon_core.package_identification:_identify(.) by extension 'cmake'
[2.837s] Level 1:colcon.colcon_core.package_identification:_identify(.) by extension 'python'
[2.837s] Level 1:colcon.colcon_core.package_identification:_identify(.) by extensions ['python_setup_py']
[2.837s] Level 1:colcon.colcon_core.package_identification:_identify(.) by extension 'python_setup_py'
[2.837s] Level 1:colcon.colcon_core.package_identification:_identify(build) by extensions ['ignore', 'ignore_ament_install']
[2.837s] Level 1:colcon.colcon_core.package_identification:_identify(build) by extension 'ignore'
[2.837s] Level 1:colcon.colcon_core.package_identification:_identify(build) ignored
[2.838s] Level 1:colcon.colcon_core.package_identification:_identify(drone_utils) by extensions ['ignore', 'ignore_ament_install']
[2.838s] Level 1:colcon.colcon_core.package_identification:_identify(drone_utils) by extension 'ignore'
[2.838s] Level 1:colcon.colcon_core.package_identification:_identify(drone_utils) by extension 'ignore_ament_install'
[2.838s] Level 1:colcon.colcon_core.package_identification:_identify(drone_utils) by extensions ['colcon_pkg']
[2.838s] Level 1:colcon.colcon_core.package_identification:_identify(drone_utils) by extension 'colcon_pkg'
[2.838s] Level 1:colcon.colcon_core.package_identification:_identify(drone_utils) by extensions ['colcon_meta']
[2.838s] Level 1:colcon.colcon_core.package_identification:_identify(drone_utils) by extension 'colcon_meta'
[2.838s] Level 1:colcon.colcon_core.package_identification:_identify(drone_utils) by extensions ['ros']
[2.838s] Level 1:colcon.colcon_core.package_identification:_identify(drone_utils) by extension 'ros'
[2.839s] Level 1:colcon.colcon_core.package_identification:_identify(drone_utils) by extensions ['cmake', 'python']
[2.839s] Level 1:colcon.colcon_core.package_identification:_identify(drone_utils) by extension 'cmake'
[2.839s] Level 1:colcon.colcon_core.package_identification:_identify(drone_utils) by extension 'python'
[2.839s] Level 1:colcon.colcon_core.package_identification:_identify(drone_utils) by extensions ['python_setup_py']
[2.839s] Level 1:colcon.colcon_core.package_identification:_identify(drone_utils) by extension 'python_setup_py'
[2.840s] Level 1:colcon.colcon_core.package_identification:_identify(install) by extensions ['ignore', 'ignore_ament_install']
[2.840s] Level 1:colcon.colcon_core.package_identification:_identify(install) by extension 'ignore'
[2.840s] Level 1:colcon.colcon_core.package_identification:_identify(install) ignored
[2.841s] Level 1:colcon.colcon_core.package_identification:_identify(log) by extensions ['ignore', 'ignore_ament_install']
[2.841s] Level 1:colcon.colcon_core.package_identification:_identify(log) by extension 'ignore'
[2.841s] Level 1:colcon.colcon_core.package_identification:_identify(log) ignored
[2.842s] Level 1:colcon.colcon_core.package_discovery:discover_packages(recursive) using defaults
[2.842s] Level 1:colcon.colcon_core.package_discovery:discover_packages(ignore) discover
[2.842s] Level 1:colcon.colcon_core.package_discovery:discover_packages(ignore) using defaults
[2.842s] Level 1:colcon.colcon_core.package_discovery:discover_packages(path) discover
[2.842s] Level 1:colcon.colcon_core.package_discovery:discover_packages(path) using defaults
[3.133s] Level 1:colcon.colcon_core.package_discovery:discover_packages(prefix_path) check parameters
[3.134s] Level 1:colcon.colcon_core.package_discovery:discover_packages(prefix_path) discover
[3.151s] DEBUG:colcon.colcon_installed_package_information.package_discovery:Found 1 installed packages in /home/shameer/sjtu_drone-ros2/sjtu_drone_control/install
[3.156s] DEBUG:colcon.colcon_installed_package_information.package_discovery:Found 3 installed packages in /home/shameer/sjtu_drone-ros2/install
[3.158s] DEBUG:colcon.colcon_installed_package_information.package_discovery:Found 1 installed packages in /home/shameer/drones_ROS2-main/install
[3.175s] DEBUG:colcon.colcon_installed_package_information.package_discovery:Found 316 installed packages in /opt/ros/humble
[3.195s] Level 1:colcon.colcon_core.package_discovery:discover_packages(prefix_path) using defaults
[3.536s] INFO:colcon.colcon_core.executor:Executing jobs using 'parallel' executor
[3.542s] DEBUG:colcon.colcon_parallel_executor.executor.parallel:run_until_complete
[3.543s] DEBUG:colcon.colcon_parallel_executor.executor.parallel:closing loop
[3.545s] DEBUG:colcon.colcon_parallel_executor.executor.parallel:loop closed
[3.546s] DEBUG:colcon.colcon_parallel_executor.executor.parallel:run_until_complete finished with '0'
[3.547s] DEBUG:colcon.colcon_core.event_reactor:joining thread
[3.595s] INFO:colcon.colcon_core.plugin_system:Skipping extension 'colcon_notification.desktop_notification.terminal_notifier': Not used on non-Darwin systems
[3.595s] INFO:colcon.colcon_core.plugin_system:Skipping extension 'colcon_notification.desktop_notification.win32': Not used on non-Windows systems
[3.596s] INFO:colcon.colcon_notification.desktop_notification:Sending desktop notification using 'notify2'
[3.687s] DEBUG:colcon.colcon_core.event_reactor:joined thread
[3.711s] INFO:colcon.colcon_core.plugin_system:Skipping extension 'colcon_core.shell.bat': Not used on non-Windows systems
[3.713s] INFO:colcon.colcon_core.shell:Creating prefix script '/home/shameer/sjtu_drone-ros2/sjtu_drone_control/sjtu_drone_control/install/local_setup.ps1'
[3.725s] INFO:colcon.colcon_core.shell:Creating prefix util module '/home/shameer/sjtu_drone-ros2/sjtu_drone_control/sjtu_drone_control/install/_local_setup_util_ps1.py'
[3.734s] INFO:colcon.colcon_core.shell:Creating prefix chain script '/home/shameer/sjtu_drone-ros2/sjtu_drone_control/sjtu_drone_control/install/setup.ps1'
[3.742s] INFO:colcon.colcon_core.shell:Creating prefix script '/home/shameer/sjtu_drone-ros2/sjtu_drone_control/sjtu_drone_control/install/local_setup.sh'
[3.744s] INFO:colcon.colcon_core.shell:Creating prefix util module '/home/shameer/sjtu_drone-ros2/sjtu_drone_control/sjtu_drone_control/install/_local_setup_util_sh.py'
[3.752s] INFO:colcon.colcon_core.shell:Creating prefix chain script '/home/shameer/sjtu_drone-ros2/sjtu_drone_control/sjtu_drone_control/install/setup.sh'
[3.775s] INFO:colcon.colcon_core.shell:Creating prefix script '/home/shameer/sjtu_drone-ros2/sjtu_drone_control/sjtu_drone_control/install/local_setup.bash'
[3.781s] INFO:colcon.colcon_core.shell:Creating prefix chain script '/home/shameer/sjtu_drone-ros2/sjtu_drone_control/sjtu_drone_control/install/setup.bash'
[3.791s] INFO:colcon.colcon_core.shell:Creating prefix script '/home/shameer/sjtu_drone-ros2/sjtu_drone_control/sjtu_drone_control/install/local_setup.zsh'
[3.799s] INFO:colcon.colcon_core.shell:Creating prefix chain script '/home/shameer/sjtu_drone-ros2/sjtu_drone_control/sjtu_drone_control/install/setup.zsh'
